TN:
SF:src\schema.ts
FN:66,(anonymous_0)
FN:69,(anonymous_1)
FN:72,(anonymous_2)
FN:99,(anonymous_3)
FN:110,(anonymous_4)
FN:113,(anonymous_5)
FN:131,(anonymous_6)
FN:148,(anonymous_7)
FN:153,(anonymous_8)
FN:169,(anonymous_9)
FN:172,(anonymous_10)
FN:175,(anonymous_11)
FN:190,(anonymous_12)
FN:221,(anonymous_13)
FN:224,(anonymous_14)
FN:235,(anonymous_15)
FN:238,(anonymous_16)
FN:250,(anonymous_17)
FN:265,(anonymous_18)
FN:283,(anonymous_19)
FN:295,(anonymous_20)
FN:302,(anonymous_21)
FN:316,(anonymous_22)
FN:341,(anonymous_23)
FN:363,(anonymous_24)
FN:366,(anonymous_25)
FN:369,(anonymous_26)
FN:383,(anonymous_27)
FN:386,(anonymous_28)
FN:388,(anonymous_29)
FN:396,(anonymous_30)
FN:400,(anonymous_31)
FN:406,(anonymous_32)
FN:411,(anonymous_33)
FN:415,(anonymous_34)
FN:430,(anonymous_35)
FN:439,(anonymous_36)
FN:449,(anonymous_37)
FN:457,(anonymous_38)
FN:471,(anonymous_39)
FN:477,(anonymous_40)
FN:480,(anonymous_41)
FN:490,(anonymous_42)
FN:500,(anonymous_43)
FN:515,(anonymous_44)
FN:529,(anonymous_45)
FN:539,(anonymous_46)
FN:545,(anonymous_47)
FN:556,(anonymous_48)
FN:562,(anonymous_49)
FNF:50
FNH:0
FNDA:0,(anonymous_0)
FNDA:0,(anonymous_1)
FNDA:0,(anonymous_2)
FNDA:0,(anonymous_3)
FNDA:0,(anonymous_4)
FNDA:0,(anonymous_5)
FNDA:0,(anonymous_6)
FNDA:0,(anonymous_7)
FNDA:0,(anonymous_8)
FNDA:0,(anonymous_9)
FNDA:0,(anonymous_10)
FNDA:0,(anonymous_11)
FNDA:0,(anonymous_12)
FNDA:0,(anonymous_13)
FNDA:0,(anonymous_14)
FNDA:0,(anonymous_15)
FNDA:0,(anonymous_16)
FNDA:0,(anonymous_17)
FNDA:0,(anonymous_18)
FNDA:0,(anonymous_19)
FNDA:0,(anonymous_20)
FNDA:0,(anonymous_21)
FNDA:0,(anonymous_22)
FNDA:0,(anonymous_23)
FNDA:0,(anonymous_24)
FNDA:0,(anonymous_25)
FNDA:0,(anonymous_26)
FNDA:0,(anonymous_27)
FNDA:0,(anonymous_28)
FNDA:0,(anonymous_29)
FNDA:0,(anonymous_30)
FNDA:0,(anonymous_31)
FNDA:0,(anonymous_32)
FNDA:0,(anonymous_33)
FNDA:0,(anonymous_34)
FNDA:0,(anonymous_35)
FNDA:0,(anonymous_36)
FNDA:0,(anonymous_37)
FNDA:0,(anonymous_38)
FNDA:0,(anonymous_39)
FNDA:0,(anonymous_40)
FNDA:0,(anonymous_41)
FNDA:0,(anonymous_42)
FNDA:0,(anonymous_43)
FNDA:0,(anonymous_44)
FNDA:0,(anonymous_45)
FNDA:0,(anonymous_46)
FNDA:0,(anonymous_47)
FNDA:0,(anonymous_48)
FNDA:0,(anonymous_49)
DA:2,2
DA:3,2
DA:5,2
DA:6,2
DA:8,2
DA:22,2
DA:42,2
DA:54,2
DA:63,2
DA:66,0
DA:69,0
DA:72,0
DA:96,2
DA:99,0
DA:107,2
DA:110,0
DA:113,0
DA:128,2
DA:131,0
DA:145,2
DA:148,0
DA:153,0
DA:166,2
DA:169,0
DA:172,0
DA:175,0
DA:186,2
DA:190,0
DA:205,2
DA:218,2
DA:221,0
DA:224,0
DA:232,2
DA:235,0
DA:238,0
DA:247,2
DA:250,0
DA:261,2
DA:265,0
DA:275,2
DA:283,0
DA:295,0
DA:299,2
DA:302,0
DA:313,2
DA:316,0
DA:327,2
DA:338,2
DA:341,0
DA:360,2
DA:363,0
DA:366,0
DA:369,0
DA:380,2
DA:383,0
DA:386,0
DA:388,0
DA:396,2
DA:400,2
DA:406,2
DA:411,2
DA:415,2
DA:430,2
DA:439,2
DA:449,2
DA:457,2
DA:471,2
DA:477,2
DA:480,2
DA:490,2
DA:500,2
DA:515,2
DA:529,2
DA:539,2
DA:545,2
DA:556,2
DA:562,2
LF:77
LH:47
BRF:0
BRH:0
end_of_record
TN:
SF:src\shared-schema.ts
FN:65,(anonymous_0)
FN:68,(anonymous_1)
FN:71,(anonymous_2)
FN:98,(anonymous_3)
FN:109,(anonymous_4)
FN:112,(anonymous_5)
FN:130,(anonymous_6)
FN:147,(anonymous_7)
FN:152,(anonymous_8)
FN:168,(anonymous_9)
FN:171,(anonymous_10)
FN:174,(anonymous_11)
FN:189,(anonymous_12)
FN:220,(anonymous_13)
FN:223,(anonymous_14)
FN:234,(anonymous_15)
FN:237,(anonymous_16)
FN:249,(anonymous_17)
FN:263,(anonymous_18)
FN:282,(anonymous_19)
FN:294,(anonymous_20)
FN:301,(anonymous_21)
FN:326,(anonymous_22)
FN:329,(anonymous_23)
FN:332,(anonymous_24)
FN:346,(anonymous_25)
FN:349,(anonymous_26)
FN:351,(anonymous_27)
FN:359,(anonymous_28)
FN:362,(anonymous_29)
FN:368,(anonymous_30)
FN:373,(anonymous_31)
FN:377,(anonymous_32)
FN:392,(anonymous_33)
FN:401,(anonymous_34)
FN:411,(anonymous_35)
FN:419,(anonymous_36)
FN:433,(anonymous_37)
FN:439,(anonymous_38)
FN:442,(anonymous_39)
FN:452,(anonymous_40)
FN:462,(anonymous_41)
FN:477,(anonymous_42)
FN:491,(anonymous_43)
FN:501,(anonymous_44)
FN:512,(anonymous_45)
FNF:46
FNH:0
FNDA:0,(anonymous_0)
FNDA:0,(anonymous_1)
FNDA:0,(anonymous_2)
FNDA:0,(anonymous_3)
FNDA:0,(anonymous_4)
FNDA:0,(anonymous_5)
FNDA:0,(anonymous_6)
FNDA:0,(anonymous_7)
FNDA:0,(anonymous_8)
FNDA:0,(anonymous_9)
FNDA:0,(anonymous_10)
FNDA:0,(anonymous_11)
FNDA:0,(anonymous_12)
FNDA:0,(anonymous_13)
FNDA:0,(anonymous_14)
FNDA:0,(anonymous_15)
FNDA:0,(anonymous_16)
FNDA:0,(anonymous_17)
FNDA:0,(anonymous_18)
FNDA:0,(anonymous_19)
FNDA:0,(anonymous_20)
FNDA:0,(anonymous_21)
FNDA:0,(anonymous_22)
FNDA:0,(anonymous_23)
FNDA:0,(anonymous_24)
FNDA:0,(anonymous_25)
FNDA:0,(anonymous_26)
FNDA:0,(anonymous_27)
FNDA:0,(anonymous_28)
FNDA:0,(anonymous_29)
FNDA:0,(anonymous_30)
FNDA:0,(anonymous_31)
FNDA:0,(anonymous_32)
FNDA:0,(anonymous_33)
FNDA:0,(anonymous_34)
FNDA:0,(anonymous_35)
FNDA:0,(anonymous_36)
FNDA:0,(anonymous_37)
FNDA:0,(anonymous_38)
FNDA:0,(anonymous_39)
FNDA:0,(anonymous_40)
FNDA:0,(anonymous_41)
FNDA:0,(anonymous_42)
FNDA:0,(anonymous_43)
FNDA:0,(anonymous_44)
FNDA:0,(anonymous_45)
DA:2,1
DA:3,1
DA:4,1
DA:5,1
DA:7,1
DA:21,1
DA:41,1
DA:53,1
DA:62,1
DA:65,0
DA:68,0
DA:71,0
DA:95,1
DA:98,0
DA:106,1
DA:109,0
DA:112,0
DA:127,1
DA:130,0
DA:144,1
DA:147,0
DA:152,0
DA:165,1
DA:168,0
DA:171,0
DA:174,0
DA:185,1
DA:189,0
DA:204,1
DA:217,1
DA:220,0
DA:223,0
DA:231,1
DA:234,0
DA:237,0
DA:246,1
DA:249,0
DA:260,1
DA:263,0
DA:274,1
DA:282,0
DA:294,0
DA:298,1
DA:301,0
DA:312,1
DA:323,1
DA:326,0
DA:329,0
DA:332,0
DA:343,1
DA:346,0
DA:349,0
DA:351,0
DA:359,1
DA:362,1
DA:368,1
DA:373,1
DA:377,1
DA:392,1
DA:401,1
DA:411,1
DA:419,1
DA:433,1
DA:439,1
DA:442,1
DA:452,1
DA:462,1
DA:477,1
DA:491,1
DA:501,1
DA:512,1
LF:71
LH:43
BRF:0
BRH:0
end_of_record
TN:
SF:src\storage.ts
FN:42,(anonymous_0)
FN:49,(anonymous_1)
FN:54,(anonymous_2)
FN:59,(anonymous_3)
FN:62,(anonymous_4)
FN:83,(anonymous_5)
FN:88,(anonymous_6)
FN:101,(anonymous_7)
FNF:8
FNH:0
FNDA:0,(anonymous_0)
FNDA:0,(anonymous_1)
FNDA:0,(anonymous_2)
FNDA:0,(anonymous_3)
FNDA:0,(anonymous_4)
FNDA:0,(anonymous_5)
FNDA:0,(anonymous_6)
FNDA:0,(anonymous_7)
DA:4,0
DA:5,0
DA:6,0
DA:9,0
DA:11,0
DA:12,0
DA:13,0
DA:14,0
DA:15,0
DA:16,0
DA:18,0
DA:43,0
DA:44,0
DA:50,0
DA:51,0
DA:55,0
DA:56,0
DA:60,0
DA:64,0
DA:67,0
DA:84,0
DA:85,0
DA:89,0
DA:90,0
DA:95,0
DA:97,0
DA:102,0
DA:103,0
LF:28
LH:0
BRDA:5,0,0,0
BRDA:5,0,1,0
BRDA:9,1,0,0
BRDA:9,1,1,0
BRDA:13,2,0,0
BRDA:13,2,1,0
BRDA:25,3,0,0
BRDA:25,3,1,0
BRDA:25,4,0,0
BRDA:25,4,1,0
BRDA:26,5,0,0
BRDA:26,5,1,0
BRDA:26,6,0,0
BRDA:26,6,1,0
BRDA:27,7,0,0
BRDA:27,7,1,0
BRDA:31,8,0,0
BRDA:31,8,1,0
BRDA:41,9,0,0
BRDA:41,9,1,0
BRDA:43,10,0,0
BRDA:43,10,1,0
BRDA:50,11,0,0
BRDA:50,11,1,0
BRDA:55,12,0,0
BRDA:55,12,1,0
BRDA:64,13,0,0
BRDA:64,13,1,0
BRDA:64,14,0,0
BRDA:64,14,1,0
BRDA:64,14,2,0
BRDA:72,15,0,0
BRDA:72,15,1,0
BRDA:76,16,0,0
BRDA:76,16,1,0
BRDA:84,17,0,0
BRDA:84,17,1,0
BRDA:89,18,0,0
BRDA:89,18,1,0
BRDA:99,19,0,0
BRDA:99,19,1,0
BRDA:102,20,0,0
BRDA:102,20,1,0
BRF:43
BRH:0
end_of_record
TN:
SF:src\middleware\auth.ts
FN:2,(anonymous_0)
FN:12,(anonymous_1)
FN:22,(anonymous_2)
FN:33,(anonymous_3)
FNF:4
FNH:0
FNDA:0,(anonymous_0)
FNDA:0,(anonymous_1)
FNDA:0,(anonymous_2)
FNDA:0,(anonymous_3)
DA:2,0
DA:3,0
DA:4,0
DA:9,0
DA:12,0
DA:13,0
DA:14,0
DA:19,0
DA:22,0
DA:23,0
DA:25,0
DA:30,0
DA:33,0
DA:34,0
DA:35,0
DA:40,0
LF:16
LH:0
BRDA:3,0,0,0
BRDA:3,0,1,0
BRDA:13,1,0,0
BRDA:13,1,1,0
BRDA:13,2,0,0
BRDA:13,2,1,0
BRDA:23,3,0,0
BRDA:23,3,1,0
BRDA:23,4,0,0
BRDA:23,4,1,0
BRDA:23,4,2,0
BRDA:34,5,0,0
BRDA:34,5,1,0
BRDA:34,6,0,0
BRDA:34,6,1,0
BRF:15
BRH:0
end_of_record
TN:
SF:src\middleware\errorHandler.ts
FN:6,(anonymous_0)
FN:13,(anonymous_1)
FN:19,(anonymous_2)
FN:26,(anonymous_3)
FN:35,(anonymous_4)
FN:43,(anonymous_5)
FN:49,(anonymous_6)
FN:50,(anonymous_7)
FN:133,(anonymous_8)
FN:134,(anonymous_9)
FN:139,(anonymous_10)
FN:147,(anonymous_11)
FN:153,(anonymous_12)
FN:165,(anonymous_13)
FNF:14
FNH:0
FNDA:0,(anonymous_0)
FNDA:0,(anonymous_1)
FNDA:0,(anonymous_2)
FNDA:0,(anonymous_3)
FNDA:0,(anonymous_4)
FNDA:0,(anonymous_5)
FNDA:0,(anonymous_6)
FNDA:0,(anonymous_7)
FNDA:0,(anonymous_8)
FNDA:0,(anonymous_9)
FNDA:0,(anonymous_10)
FNDA:0,(anonymous_11)
FNDA:0,(anonymous_12)
FNDA:0,(anonymous_13)
DA:7,0
DA:8,0
DA:9,0
DA:14,0
DA:15,0
DA:20,0
DA:21,0
DA:27,0
DA:28,0
DA:29,0
DA:36,0
DA:37,0
DA:38,0
DA:39,0
DA:43,0
DA:45,0
DA:48,0
DA:49,0
DA:50,0
DA:54,0
DA:57,0
DA:58,0
DA:59,0
DA:60,0
DA:61,0
DA:62,0
DA:63,0
DA:65,0
DA:66,0
DA:67,0
DA:68,0
DA:70,0
DA:71,0
DA:72,0
DA:73,0
DA:75,0
DA:76,0
DA:77,0
DA:78,0
DA:80,0
DA:81,0
DA:82,0
DA:83,0
DA:86,0
DA:94,0
DA:104,0
DA:106,0
DA:107,0
DA:109,0
DA:110,0
DA:113,0
DA:130,0
DA:133,0
DA:134,0
DA:135,0
DA:139,0
DA:140,0
DA:143,0
DA:144,0
DA:147,0
DA:148,0
DA:149,0
DA:150,0
DA:153,0
DA:154,0
DA:162,0
DA:165,0
DA:166,0
DA:173,0
DA:174,0
LF:70
LH:0
BRDA:13,0,0,0
BRDA:19,1,0,0
BRDA:45,2,0,0
BRDA:45,2,1,0
BRDA:60,3,0,0
BRDA:60,3,1,0
BRDA:65,4,0,0
BRDA:65,4,1,0
BRDA:70,5,0,0
BRDA:70,5,1,0
BRDA:75,6,0,0
BRDA:75,6,1,0
BRDA:80,7,0,0
BRDA:80,7,1,0
BRDA:100,8,0,0
BRDA:100,8,1,0
BRDA:104,9,0,0
BRDA:104,9,1,0
BRDA:117,10,0,0
BRDA:117,10,1,0
BRDA:120,11,0,0
BRDA:120,11,1,0
BRF:22
BRH:0
end_of_record
TN:
SF:src\middleware\errorLogging.ts
FN:3,(anonymous_0)
FN:58,(anonymous_1)
FN:65,(anonymous_2)
FN:91,(anonymous_3)
FN:112,(anonymous_4)
FNF:5
FNH:0
FNDA:0,(anonymous_0)
FNDA:0,(anonymous_1)
FNDA:0,(anonymous_2)
FNDA:0,(anonymous_3)
FNDA:0,(anonymous_4)
DA:3,0
DA:5,0
DA:7,0
DA:8,0
DA:10,0
DA:20,0
DA:21,0
DA:22,0
DA:24,0
DA:25,0
DA:27,0
DA:30,0
DA:31,0
DA:33,0
DA:36,0
DA:37,0
DA:39,0
DA:41,0
DA:42,0
DA:44,0
DA:47,0
DA:48,0
DA:51,0
DA:59,0
DA:62,0
DA:65,0
DA:66,0
DA:75,0
DA:82,0
DA:91,0
DA:92,0
DA:100,0
DA:104,0
DA:112,0
DA:113,0
DA:121,0
DA:125,0
LF:37
LH:0
BRDA:5,0,0,0
BRDA:5,0,1,0
BRDA:22,1,0,0
BRDA:22,1,1,0
BRDA:22,2,0,0
BRDA:22,2,1,0
BRDA:27,3,0,0
BRDA:27,3,1,0
BRDA:27,4,0,0
BRDA:27,4,1,0
BRDA:27,4,2,0
BRDA:33,5,0,0
BRDA:33,5,1,0
BRDA:33,6,0,0
BRDA:33,6,1,0
BRDA:33,6,2,0
BRDA:39,7,0,0
BRDA:39,7,1,0
BRDA:39,8,0,0
BRDA:39,8,1,0
BRDA:44,9,0,0
BRDA:44,9,1,0
BRDA:44,10,0,0
BRDA:44,10,1,0
BRDA:44,10,2,0
BRDA:53,11,0,0
BRDA:53,11,1,0
BRDA:65,12,0,0
BRDA:77,13,0,0
BRDA:77,13,1,0
BRDA:84,14,0,0
BRDA:84,14,1,0
BRDA:112,15,0,0
BRDA:112,16,0,0
BRDA:124,17,0,0
BRDA:124,17,1,0
BRF:36
BRH:0
end_of_record
TN:
SF:src\middleware\rateLimit.ts
FN:50,(anonymous_0)
FN:53,(anonymous_1)
FN:71,(anonymous_2)
FN:74,(anonymous_3)
FN:77,(anonymous_4)
FN:104,(anonymous_5)
FN:105,(anonymous_6)
FN:123,(anonymous_7)
FN:137,(anonymous_8)
FN:139,(anonymous_9)
FN:171,(anonymous_10)
FN:175,(anonymous_11)
FN:188,(anonymous_12)
FN:202,(anonymous_13)
FN:207,(anonymous_14)
FNF:15
FNH:0
FNDA:0,(anonymous_0)
FNDA:0,(anonymous_1)
FNDA:0,(anonymous_2)
FNDA:0,(anonymous_3)
FNDA:0,(anonymous_4)
FNDA:0,(anonymous_5)
FNDA:0,(anonymous_6)
FNDA:0,(anonymous_7)
FNDA:0,(anonymous_8)
FNDA:0,(anonymous_9)
FNDA:0,(anonymous_10)
FNDA:0,(anonymous_11)
FNDA:0,(anonymous_12)
FNDA:0,(anonymous_13)
FNDA:0,(anonymous_14)
DA:4,0
DA:16,0
DA:27,0
DA:39,0
DA:50,0
DA:51,0
DA:55,0
DA:62,0
DA:71,0
DA:74,0
DA:75,0
DA:77,0
DA:78,0
DA:79,0
DA:80,0
DA:81,0
DA:83,0
DA:84,0
DA:87,0
DA:88,0
DA:92,0
DA:96,0
DA:97,0
DA:98,0
DA:99,0
DA:101,0
DA:104,0
DA:105,0
DA:107,0
DA:108,0
DA:111,0
DA:113,0
DA:114,0
DA:116,0
DA:117,0
DA:118,0
DA:121,0
DA:123,0
DA:125,0
DA:126,0
DA:129,0
DA:131,0
DA:133,0
DA:137,0
DA:138,0
DA:139,0
DA:141,0
DA:142,0
DA:145,0
DA:146,0
DA:147,0
DA:149,0
DA:150,0
DA:157,0
DA:159,0
DA:160,0
DA:161,0
DA:162,0
DA:163,0
DA:167,0
DA:171,0
DA:172,0
DA:173,0
DA:174,0
DA:175,0
DA:176,0
DA:177,0
DA:179,0
DA:181,0
DA:182,0
DA:185,0
DA:188,0
DA:190,0
DA:191,0
DA:192,0
DA:193,0
DA:195,0
DA:196,0
DA:197,0
DA:199,0
DA:202,0
DA:204,0
DA:206,0
DA:207,0
DA:209,0
DA:210,0
DA:212,0
LF:87
LH:0
BRDA:55,0,0,0
BRDA:55,0,1,0
BRDA:71,1,0,0
BRDA:71,1,1,0
BRDA:83,2,0,0
BRDA:83,2,1,0
BRDA:87,3,0,0
BRDA:87,3,1,0
BRDA:92,4,0,0
BRDA:92,4,1,0
BRDA:96,5,0,0
BRDA:96,5,1,0
BRDA:104,6,0,0
BRDA:107,7,0,0
BRDA:107,7,1,0
BRDA:114,8,0,0
BRDA:114,8,1,0
BRDA:125,9,0,0
BRDA:125,9,1,0
BRDA:125,10,0,0
BRDA:125,10,1,0
BRDA:137,11,0,0
BRDA:141,12,0,0
BRDA:141,12,1,0
BRDA:145,13,0,0
BRDA:145,13,1,0
BRDA:149,14,0,0
BRDA:149,14,1,0
BRDA:149,15,0,0
BRDA:149,15,1,0
BRDA:159,16,0,0
BRDA:159,16,1,0
BRDA:162,17,0,0
BRDA:162,17,1,0
BRDA:173,18,0,0
BRDA:173,18,1,0
BRDA:174,19,0,0
BRDA:174,19,1,0
BRDA:181,20,0,0
BRDA:181,20,1,0
BRDA:190,21,0,0
BRDA:190,21,1,0
BRDA:195,22,0,0
BRDA:195,22,1,0
BRF:44
BRH:0
end_of_record
TN:
SF:src\middleware\validation.ts
FN:3,(anonymous_0)
FN:5,(anonymous_1)
FN:11,(anonymous_2)
FN:20,(anonymous_3)
FN:56,(anonymous_4)
FN:65,(anonymous_5)
FN:77,(anonymous_6)
FN:88,(anonymous_7)
FN:95,(anonymous_8)
FN:104,(anonymous_9)
FN:113,(anonymous_10)
FN:120,(anonymous_11)
FN:128,(anonymous_12)
FN:133,(anonymous_13)
FN:138,(anonymous_14)
FN:144,(anonymous_15)
FN:149,(anonymous_16)
FN:159,(anonymous_17)
FN:166,(anonymous_18)
FN:173,(anonymous_19)
FN:173,(anonymous_20)
FN:178,(anonymous_21)
FN:178,(anonymous_22)
FN:185,(anonymous_23)
FN:186,(anonymous_24)
FN:234,(anonymous_25)
FN:235,(anonymous_26)
FN:255,(anonymous_27)
FN:256,(anonymous_28)
FN:264,(anonymous_29)
FNF:30
FNH:0
FNDA:0,(anonymous_0)
FNDA:0,(anonymous_1)
FNDA:0,(anonymous_2)
FNDA:0,(anonymous_3)
FNDA:0,(anonymous_4)
FNDA:0,(anonymous_5)
FNDA:0,(anonymous_6)
FNDA:0,(anonymous_7)
FNDA:0,(anonymous_8)
FNDA:0,(anonymous_9)
FNDA:0,(anonymous_10)
FNDA:0,(anonymous_11)
FNDA:0,(anonymous_12)
FNDA:0,(anonymous_13)
FNDA:0,(anonymous_14)
FNDA:0,(anonymous_15)
FNDA:0,(anonymous_16)
FNDA:0,(anonymous_17)
FNDA:0,(anonymous_18)
FNDA:0,(anonymous_19)
FNDA:0,(anonymous_20)
FNDA:0,(anonymous_21)
FNDA:0,(anonymous_22)
FNDA:0,(anonymous_23)
FNDA:0,(anonymous_24)
FNDA:0,(anonymous_25)
FNDA:0,(anonymous_26)
FNDA:0,(anonymous_27)
FNDA:0,(anonymous_28)
FNDA:0,(anonymous_29)
DA:3,0
DA:5,0
DA:6,0
DA:7,0
DA:8,0
DA:11,0
DA:12,0
DA:13,0
DA:14,0
DA:20,0
DA:21,0
DA:22,0
DA:23,0
DA:24,0
DA:25,0
DA:26,0
DA:27,0
DA:29,0
DA:30,0
DA:31,0
DA:32,0
DA:34,0
DA:35,0
DA:38,0
DA:41,0
DA:43,0
DA:46,0
DA:47,0
DA:48,0
DA:49,0
DA:50,0
DA:51,0
DA:52,0
DA:55,0
DA:57,0
DA:58,0
DA:59,0
DA:60,0
DA:61,0
DA:62,0
DA:63,0
DA:66,0
DA:67,0
DA:68,0
DA:69,0
DA:70,0
DA:71,0
DA:72,0
DA:73,0
DA:75,0
DA:78,0
DA:79,0
DA:80,0
DA:81,0
DA:82,0
DA:83,0
DA:84,0
DA:85,0
DA:86,0
DA:89,0
DA:90,0
DA:91,0
DA:92,0
DA:93,0
DA:96,0
DA:97,0
DA:98,0
DA:99,0
DA:100,0
DA:101,0
DA:102,0
DA:105,0
DA:106,0
DA:107,0
DA:108,0
DA:109,0
DA:110,0
DA:111,0
DA:114,0
DA:115,0
DA:116,0
DA:117,0
DA:118,0
DA:121,0
DA:122,0
DA:123,0
DA:124,0
DA:125,0
DA:126,0
DA:129,0
DA:130,0
DA:131,0
DA:134,0
DA:135,0
DA:136,0
DA:139,0
DA:140,0
DA:141,0
DA:142,0
DA:145,0
DA:146,0
DA:147,0
DA:150,0
DA:151,0
DA:152,0
DA:153,0
DA:154,0
DA:155,0
DA:156,0
DA:157,0
DA:160,0
DA:161,0
DA:162,0
DA:163,0
DA:164,0
DA:167,0
DA:168,0
DA:169,0
DA:170,0
DA:171,0
DA:173,0
DA:174,0
DA:175,0
DA:176,0
DA:178,0
DA:179,0
DA:180,0
DA:181,0
DA:185,0
DA:186,0
DA:187,0
DA:189,0
DA:190,0
DA:191,0
DA:192,0
DA:193,0
DA:194,0
DA:199,0
DA:200,0
DA:201,0
DA:202,0
DA:203,0
DA:204,0
DA:205,0
DA:211,0
DA:212,0
DA:213,0
DA:214,0
DA:215,0
DA:216,0
DA:217,0
DA:222,0
DA:223,0
DA:229,0
DA:233,0
DA:234,0
DA:235,0
DA:236,0
DA:237,0
DA:238,0
DA:239,0
DA:240,0
DA:242,0
DA:243,0
DA:249,0
DA:251,0
DA:255,0
DA:256,0
DA:257,0
DA:259,0
DA:264,0
DA:266,0
DA:267,0
DA:268,0
DA:270,0
DA:272,0
DA:274,0
DA:277,0
DA:282,0
LF:179
LH:0
BRDA:6,0,0,0
BRDA:6,0,1,0
BRDA:12,1,0,0
BRDA:12,1,1,0
BRDA:14,2,0,0
BRDA:14,2,1,0
BRDA:21,3,0,0
BRDA:21,3,1,0
BRDA:21,4,0,0
BRDA:21,4,1,0
BRDA:23,5,0,0
BRDA:23,5,1,0
BRDA:25,6,0,0
BRDA:25,6,1,0
BRDA:26,7,0,0
BRDA:26,7,1,0
BRDA:31,8,0,0
BRDA:31,8,1,0
BRDA:34,9,0,0
BRDA:34,9,1,0
BRDA:46,10,0,0
BRDA:46,10,1,0
BRDA:48,11,0,0
BRDA:48,11,1,0
BRDA:50,12,0,0
BRDA:50,12,1,0
BRDA:57,13,0,0
BRDA:57,13,1,0
BRDA:59,14,0,0
BRDA:59,14,1,0
BRDA:61,15,0,0
BRDA:61,15,1,0
BRDA:66,16,0,0
BRDA:66,16,1,0
BRDA:68,17,0,0
BRDA:68,17,1,0
BRDA:70,18,0,0
BRDA:70,18,1,0
BRDA:72,19,0,0
BRDA:72,19,1,0
BRDA:78,20,0,0
BRDA:78,20,1,0
BRDA:80,21,0,0
BRDA:80,21,1,0
BRDA:82,22,0,0
BRDA:82,22,1,0
BRDA:84,23,0,0
BRDA:84,23,1,0
BRDA:89,24,0,0
BRDA:89,24,1,0
BRDA:91,25,0,0
BRDA:91,25,1,0
BRDA:96,26,0,0
BRDA:96,26,1,0
BRDA:98,27,0,0
BRDA:98,27,1,0
BRDA:98,28,0,0
BRDA:98,28,1,0
BRDA:100,29,0,0
BRDA:100,29,1,0
BRDA:105,30,0,0
BRDA:105,30,1,0
BRDA:107,31,0,0
BRDA:107,31,1,0
BRDA:107,32,0,0
BRDA:107,32,1,0
BRDA:109,33,0,0
BRDA:109,33,1,0
BRDA:114,34,0,0
BRDA:114,34,1,0
BRDA:116,35,0,0
BRDA:116,35,1,0
BRDA:122,36,0,0
BRDA:122,36,1,0
BRDA:122,37,0,0
BRDA:122,37,1,0
BRDA:124,38,0,0
BRDA:124,38,1,0
BRDA:129,39,0,0
BRDA:129,39,1,0
BRDA:134,40,0,0
BRDA:134,40,1,0
BRDA:140,41,0,0
BRDA:140,41,1,0
BRDA:140,42,0,0
BRDA:140,42,1,0
BRDA:140,42,2,0
BRDA:145,43,0,0
BRDA:145,43,1,0
BRDA:150,44,0,0
BRDA:150,44,1,0
BRDA:152,45,0,0
BRDA:152,45,1,0
BRDA:155,46,0,0
BRDA:155,46,1,0
BRDA:160,47,0,0
BRDA:160,47,1,0
BRDA:162,48,0,0
BRDA:162,48,1,0
BRDA:167,49,0,0
BRDA:167,49,1,0
BRDA:169,50,0,0
BRDA:169,50,1,0
BRDA:174,51,0,0
BRDA:174,51,1,0
BRDA:174,52,0,0
BRDA:174,52,1,0
BRDA:179,53,0,0
BRDA:179,53,1,0
BRDA:179,54,0,0
BRDA:179,54,1,0
BRDA:189,55,0,0
BRDA:189,55,1,0
BRDA:189,56,0,0
BRDA:189,56,1,0
BRDA:193,57,0,0
BRDA:193,57,1,0
BRDA:199,58,0,0
BRDA:199,58,1,0
BRDA:199,59,0,0
BRDA:199,59,1,0
BRDA:201,60,0,0
BRDA:201,60,1,0
BRDA:204,61,0,0
BRDA:204,61,1,0
BRDA:211,62,0,0
BRDA:211,62,1,0
BRDA:211,63,0,0
BRDA:211,63,1,0
BRDA:213,64,0,0
BRDA:213,64,1,0
BRDA:216,65,0,0
BRDA:216,65,1,0
BRDA:222,66,0,0
BRDA:222,66,1,0
BRDA:234,67,0,0
BRDA:234,68,0,0
BRDA:236,69,0,0
BRDA:236,69,1,0
BRDA:236,69,2,0
BRDA:239,70,0,0
BRDA:239,70,1,0
BRDA:239,71,0,0
BRDA:239,71,1,0
BRDA:242,72,0,0
BRDA:242,72,1,0
BRDA:257,73,0,0
BRDA:257,73,1,0
BRDA:266,74,0,0
BRDA:266,74,1,0
BRDA:266,75,0,0
BRDA:266,75,1,0
BRDA:267,76,0,0
BRDA:267,76,1,0
BRDA:274,77,0,0
BRDA:274,77,1,0
BRDA:274,78,0,0
BRDA:274,78,1,0
BRDA:274,78,2,0
BRF:159
BRH:0
end_of_record
TN:
SF:src\routes\aiAnalytics.ts
FN:5,(anonymous_0)
FN:25,(anonymous_1)
FN:45,(anonymous_2)
FN:65,(anonymous_3)
FN:85,(anonymous_4)
FN:113,(anonymous_5)
FN:133,(anonymous_6)
FN:153,(anonymous_7)
FNF:8
FNH:0
FNDA:0,(anonymous_0)
FNDA:0,(anonymous_1)
FNDA:0,(anonymous_2)
FNDA:0,(anonymous_3)
FNDA:0,(anonymous_4)
FNDA:0,(anonymous_5)
FNDA:0,(anonymous_6)
FNDA:0,(anonymous_7)
DA:3,0
DA:5,0
DA:6,0
DA:7,0
DA:8,0
DA:9,0
DA:16,0
DA:17,0
DA:25,0
DA:26,0
DA:27,0
DA:28,0
DA:29,0
DA:36,0
DA:37,0
DA:45,0
DA:46,0
DA:47,0
DA:48,0
DA:49,0
DA:56,0
DA:57,0
DA:65,0
DA:66,0
DA:67,0
DA:68,0
DA:69,0
DA:76,0
DA:77,0
DA:85,0
DA:86,0
DA:87,0
DA:88,0
DA:90,0
DA:91,0
DA:104,0
DA:105,0
DA:113,0
DA:114,0
DA:115,0
DA:116,0
DA:117,0
DA:124,0
DA:125,0
DA:133,0
DA:134,0
DA:135,0
DA:136,0
DA:137,0
DA:144,0
DA:145,0
DA:153,0
DA:154,0
DA:155,0
DA:156,0
DA:157,0
DA:164,0
DA:165,0
LF:58
LH:0
BRDA:20,0,0,0
BRDA:20,0,1,0
BRDA:40,1,0,0
BRDA:40,1,1,0
BRDA:60,2,0,0
BRDA:60,2,1,0
BRDA:68,3,0,0
BRDA:68,3,1,0
BRDA:68,4,0,0
BRDA:68,4,1,0
BRDA:68,5,0,0
BRDA:68,5,1,0
BRDA:80,6,0,0
BRDA:80,6,1,0
BRDA:88,7,0,0
BRDA:88,7,1,0
BRDA:88,8,0,0
BRDA:88,8,1,0
BRDA:88,9,0,0
BRDA:88,9,1,0
BRDA:90,10,0,0
BRDA:90,10,1,0
BRDA:108,11,0,0
BRDA:108,11,1,0
BRDA:116,12,0,0
BRDA:116,12,1,0
BRDA:116,13,0,0
BRDA:116,13,1,0
BRDA:116,14,0,0
BRDA:116,14,1,0
BRDA:128,15,0,0
BRDA:128,15,1,0
BRDA:136,16,0,0
BRDA:136,16,1,0
BRDA:136,17,0,0
BRDA:136,17,1,0
BRDA:136,18,0,0
BRDA:136,18,1,0
BRDA:148,19,0,0
BRDA:148,19,1,0
BRDA:156,20,0,0
BRDA:156,20,1,0
BRDA:156,21,0,0
BRDA:156,21,1,0
BRDA:156,22,0,0
BRDA:156,22,1,0
BRDA:168,23,0,0
BRDA:168,23,1,0
BRF:48
BRH:0
end_of_record
TN:
SF:src\routes\attendance.ts
FN:10,(anonymous_0)
FN:20,(anonymous_1)
FN:41,(anonymous_2)
FN:82,(anonymous_3)
FN:96,(anonymous_4)
FN:142,(anonymous_5)
FN:179,(anonymous_6)
FN:206,(anonymous_7)
FN:243,(anonymous_8)
FN:261,(anonymous_9)
FN:299,(anonymous_10)
FN:337,(anonymous_11)
FN:376,(anonymous_12)
FN:410,(anonymous_13)
FNF:14
FNH:0
FNDA:0,(anonymous_0)
FNDA:0,(anonymous_1)
FNDA:0,(anonymous_2)
FNDA:0,(anonymous_3)
FNDA:0,(anonymous_4)
FNDA:0,(anonymous_5)
FNDA:0,(anonymous_6)
FNDA:0,(anonymous_7)
FNDA:0,(anonymous_8)
FNDA:0,(anonymous_9)
FNDA:0,(anonymous_10)
FNDA:0,(anonymous_11)
FNDA:0,(anonymous_12)
FNDA:0,(anonymous_13)
DA:8,0
DA:10,0
DA:11,0
DA:12,0
DA:17,0
DA:20,0
DA:21,0
DA:22,0
DA:23,0
DA:24,0
DA:25,0
DA:27,0
DA:28,0
DA:30,0
DA:31,0
DA:32,0
DA:33,0
DA:35,0
DA:39,0
DA:40,0
DA:41,0
DA:45,0
DA:46,0
DA:68,0
DA:78,0
DA:82,0
DA:83,0
DA:84,0
DA:85,0
DA:86,0
DA:92,0
DA:96,0
DA:97,0
DA:98,0
DA:99,0
DA:100,0
DA:106,0
DA:111,0
DA:112,0
DA:117,0
DA:131,0
DA:138,0
DA:142,0
DA:143,0
DA:144,0
DA:145,0
DA:146,0
DA:158,0
DA:159,0
DA:164,0
DA:171,0
DA:172,0
DA:179,0
DA:180,0
DA:181,0
DA:182,0
DA:186,0
DA:187,0
DA:192,0
DA:198,0
DA:199,0
DA:206,0
DA:207,0
DA:208,0
DA:210,0
DA:229,0
DA:235,0
DA:236,0
DA:243,0
DA:244,0
DA:245,0
DA:246,0
DA:247,0
DA:253,0
DA:254,0
DA:261,0
DA:262,0
DA:263,0
DA:264,0
DA:265,0
DA:271,0
DA:276,0
DA:277,0
DA:284,0
DA:291,0
DA:292,0
DA:299,0
DA:300,0
DA:301,0
DA:302,0
DA:303,0
DA:309,0
DA:314,0
DA:315,0
DA:322,0
DA:329,0
DA:330,0
DA:337,0
DA:338,0
DA:339,0
DA:340,0
DA:341,0
DA:347,0
DA:353,0
DA:354,0
DA:361,0
DA:368,0
DA:369,0
DA:376,0
DA:377,0
DA:378,0
DA:379,0
DA:380,0
DA:389,0
DA:390,0
DA:395,0
DA:402,0
DA:403,0
DA:410,0
DA:411,0
DA:412,0
DA:413,0
DA:415,0
DA:420,0
DA:421,0
DA:426,0
DA:429,0
DA:431,0
DA:437,0
DA:438,0
LF:130
LH:0
BRDA:11,0,0,0
BRDA:11,0,1,0
BRDA:22,1,0,0
BRDA:22,2,0,0
BRDA:24,3,0,0
BRDA:24,3,1,0
BRDA:27,4,0,0
BRDA:27,4,1,0
BRDA:30,5,0,0
BRDA:30,5,1,0
BRDA:39,6,0,0
BRDA:39,6,1,0
BRDA:45,7,0,0
BRDA:45,7,1,0
BRDA:99,8,0,0
BRDA:99,8,1,0
BRDA:99,9,0,0
BRDA:99,9,1,0
BRDA:111,10,0,0
BRDA:111,10,1,0
BRDA:122,11,0,0
BRDA:122,11,1,0
BRDA:123,12,0,0
BRDA:123,12,1,0
BRDA:128,13,0,0
BRDA:128,13,1,0
BRDA:149,14,0,0
BRDA:149,14,1,0
BRDA:150,15,0,0
BRDA:150,15,1,0
BRDA:158,16,0,0
BRDA:158,16,1,0
BRDA:186,17,0,0
BRDA:186,17,1,0
BRDA:264,18,0,0
BRDA:264,18,1,0
BRDA:276,19,0,0
BRDA:276,19,1,0
BRDA:286,20,0,0
BRDA:286,20,1,0
BRDA:302,21,0,0
BRDA:302,21,1,0
BRDA:314,22,0,0
BRDA:314,22,1,0
BRDA:324,23,0,0
BRDA:324,23,1,0
BRDA:339,24,0,0
BRDA:340,25,0,0
BRDA:340,25,1,0
BRDA:340,26,0,0
BRDA:340,26,1,0
BRDA:353,27,0,0
BRDA:353,27,1,0
BRDA:363,28,0,0
BRDA:363,28,1,0
BRDA:384,29,0,0
BRDA:384,29,1,0
BRDA:389,30,0,0
BRDA:389,30,1,0
BRDA:420,31,0,0
BRDA:420,31,1,0
BRF:61
BRH:0
end_of_record
TN:
SF:src\routes\audit.ts
FN:9,(anonymous_0)
FN:31,(anonymous_1)
FN:62,(anonymous_2)
FN:89,(anonymous_3)
FN:114,(anonymous_4)
FN:140,(anonymous_5)
FN:162,(anonymous_6)
FN:193,(anonymous_7)
FN:215,(anonymous_8)
FN:255,(anonymous_9)
FN:272,(anonymous_10)
FNF:11
FNH:0
FNDA:0,(anonymous_0)
FNDA:0,(anonymous_1)
FNDA:0,(anonymous_2)
FNDA:0,(anonymous_3)
FNDA:0,(anonymous_4)
FNDA:0,(anonymous_5)
FNDA:0,(anonymous_6)
FNDA:0,(anonymous_7)
FNDA:0,(anonymous_8)
FNDA:0,(anonymous_9)
FNDA:0,(anonymous_10)
DA:5,0
DA:7,0
DA:9,0
DA:10,0
DA:11,0
DA:12,0
DA:15,0
DA:16,0
DA:17,0
DA:23,0
DA:24,0
DA:31,0
DA:32,0
DA:33,0
DA:34,0
DA:46,0
DA:47,0
DA:54,0
DA:55,0
DA:62,0
DA:63,0
DA:64,0
DA:65,0
DA:66,0
DA:71,0
DA:72,0
DA:73,0
DA:74,0
DA:75,0
DA:81,0
DA:82,0
DA:89,0
DA:90,0
DA:91,0
DA:92,0
DA:93,0
DA:94,0
DA:99,0
DA:100,0
DA:106,0
DA:107,0
DA:114,0
DA:115,0
DA:116,0
DA:117,0
DA:118,0
DA:119,0
DA:124,0
DA:125,0
DA:131,0
DA:132,0
DA:140,0
DA:141,0
DA:142,0
DA:143,0
DA:146,0
DA:147,0
DA:148,0
DA:154,0
DA:155,0
DA:162,0
DA:163,0
DA:164,0
DA:165,0
DA:177,0
DA:178,0
DA:185,0
DA:186,0
DA:193,0
DA:194,0
DA:195,0
DA:196,0
DA:199,0
DA:200,0
DA:201,0
DA:207,0
DA:208,0
DA:215,0
DA:216,0
DA:217,0
DA:218,0
DA:219,0
DA:224,0
DA:225,0
DA:226,0
DA:227,0
DA:229,0
DA:230,0
DA:232,0
DA:233,0
DA:234,0
DA:236,0
DA:237,0
DA:238,0
DA:240,0
DA:241,0
DA:242,0
DA:244,0
DA:247,0
DA:248,0
DA:255,0
DA:256,0
DA:257,0
DA:258,0
DA:264,0
DA:265,0
DA:272,0
DA:273,0
DA:274,0
DA:275,0
DA:276,0
DA:282,0
DA:283,0
LF:113
LH:0
BRDA:12,0,0,0
BRDA:12,0,1,0
BRDA:15,1,0,0
BRDA:15,1,1,0
BRDA:35,2,0,0
BRDA:35,2,1,0
BRDA:39,3,0,0
BRDA:39,3,1,0
BRDA:40,4,0,0
BRDA:40,4,1,0
BRDA:42,5,0,0
BRDA:42,5,1,0
BRDA:43,6,0,0
BRDA:43,6,1,0
BRDA:44,7,0,0
BRDA:44,7,1,0
BRDA:65,8,0,0
BRDA:65,8,1,0
BRDA:65,9,0,0
BRDA:65,9,1,0
BRDA:73,10,0,0
BRDA:73,10,1,0
BRDA:93,11,0,0
BRDA:93,11,1,0
BRDA:118,12,0,0
BRDA:118,12,1,0
BRDA:143,13,0,0
BRDA:143,13,1,0
BRDA:146,14,0,0
BRDA:146,14,1,0
BRDA:167,15,0,0
BRDA:167,15,1,0
BRDA:171,16,0,0
BRDA:171,16,1,0
BRDA:172,17,0,0
BRDA:172,17,1,0
BRDA:173,18,0,0
BRDA:173,18,1,0
BRDA:174,19,0,0
BRDA:174,19,1,0
BRDA:175,20,0,0
BRDA:175,20,1,0
BRDA:196,21,0,0
BRDA:196,21,1,0
BRDA:199,22,0,0
BRDA:199,22,1,0
BRDA:218,23,0,0
BRDA:218,23,1,0
BRDA:218,24,0,0
BRDA:218,24,1,0
BRDA:226,25,0,0
BRDA:226,25,1,0
BRDA:230,26,0,0
BRDA:230,26,1,0
BRDA:230,26,2,0
BRF:55
BRH:0
end_of_record
TN:
SF:src\routes\auth.ts
FN:49,(anonymous_0)
FN:54,(anonymous_1)
FN:125,(anonymous_2)
FN:129,(anonymous_3)
FN:156,(anonymous_4)
FN:165,(anonymous_5)
FN:210,(anonymous_6)
FN:272,(anonymous_7)
FN:318,(anonymous_8)
FN:378,(anonymous_9)
FN:409,(anonymous_10)
FN:475,(anonymous_11)
FN:546,(anonymous_12)
FNF:13
FNH:0
FNDA:0,(anonymous_0)
FNDA:0,(anonymous_1)
FNDA:0,(anonymous_2)
FNDA:0,(anonymous_3)
FNDA:0,(anonymous_4)
FNDA:0,(anonymous_5)
FNDA:0,(anonymous_6)
FNDA:0,(anonymous_7)
FNDA:0,(anonymous_8)
FNDA:0,(anonymous_9)
FNDA:0,(anonymous_10)
FNDA:0,(anonymous_11)
FNDA:0,(anonymous_12)
DA:11,0
DA:13,0
DA:24,0
DA:35,0
DA:47,0
DA:50,0
DA:51,0
DA:52,0
DA:55,0
DA:56,0
DA:57,0
DA:58,0
DA:64,0
DA:69,0
DA:71,0
DA:72,0
DA:77,0
DA:79,0
DA:80,0
DA:81,0
DA:82,0
DA:84,0
DA:85,0
DA:91,0
DA:92,0
DA:93,0
DA:95,0
DA:97,0
DA:99,0
DA:103,0
DA:110,0
DA:117,0
DA:118,0
DA:125,0
DA:126,0
DA:127,0
DA:128,0
DA:129,0
DA:130,0
DA:131,0
DA:132,0
DA:138,0
DA:139,0
DA:141,0
DA:142,0
DA:149,0
DA:156,0
DA:157,0
DA:165,0
DA:166,0
DA:167,0
DA:168,0
DA:173,0
DA:178,0
DA:179,0
DA:184,0
DA:185,0
DA:187,0
DA:191,0
DA:197,0
DA:198,0
DA:205,0
DA:211,0
DA:213,0
DA:214,0
DA:219,0
DA:220,0
DA:221,0
DA:227,0
DA:232,0
DA:233,0
DA:239,0
DA:240,0
DA:242,0
DA:255,0
DA:256,0
DA:257,0
DA:264,0
DA:265,0
DA:272,0
DA:273,0
DA:274,0
DA:275,0
DA:280,0
DA:281,0
DA:282,0
DA:288,0
DA:293,0
DA:294,0
DA:300,0
DA:304,0
DA:310,0
DA:311,0
DA:318,0
DA:319,0
DA:320,0
DA:321,0
DA:326,0
DA:327,0
DA:328,0
DA:334,0
DA:339,0
DA:340,0
DA:345,0
DA:347,0
DA:348,0
DA:349,0
DA:355,0
DA:356,0
DA:358,0
DA:363,0
DA:364,0
DA:370,0
DA:371,0
DA:378,0
DA:379,0
DA:380,0
DA:381,0
DA:386,0
DA:389,0
DA:395,0
DA:401,0
DA:402,0
DA:409,0
DA:410,0
DA:411,0
DA:412,0
DA:413,0
DA:419,0
DA:424,0
DA:426,0
DA:432,0
DA:433,0
DA:436,0
DA:438,0
DA:440,0
DA:441,0
DA:442,0
DA:443,0
DA:444,0
DA:447,0
DA:448,0
DA:455,0
DA:456,0
DA:461,0
DA:467,0
DA:468,0
DA:475,0
DA:476,0
DA:477,0
DA:478,0
DA:479,0
DA:485,0
DA:486,0
DA:491,0
DA:492,0
DA:497,0
DA:498,0
DA:504,0
DA:509,0
DA:510,0
DA:517,0
DA:518,0
DA:524,0
DA:525,0
DA:527,0
DA:531,0
DA:532,0
DA:538,0
DA:539,0
DA:546,0
DA:547,0
DA:548,0
DA:550,0
DA:551,0
DA:552,0
DA:554,0
DA:560,0
DA:566,0
DA:567,0
DA:574,0
DA:575,0
DA:585,0
DA:586,0
LF:184
LH:0
BRDA:50,0,0,0
BRDA:50,0,1,0
BRDA:57,1,0,0
BRDA:57,1,1,0
BRDA:57,2,0,0
BRDA:57,2,1,0
BRDA:69,3,0,0
BRDA:69,3,1,0
BRDA:71,4,0,0
BRDA:71,4,1,0
BRDA:71,4,2,0
BRDA:71,5,0,0
BRDA:71,5,1,0
BRDA:82,6,0,0
BRDA:82,6,1,0
BRDA:84,7,0,0
BRDA:84,7,1,0
BRDA:84,7,2,0
BRDA:84,8,0,0
BRDA:84,8,1,0
BRDA:91,9,0,0
BRDA:91,9,1,0
BRDA:95,10,0,0
BRDA:95,10,1,0
BRDA:95,10,2,0
BRDA:95,11,0,0
BRDA:95,11,1,0
BRDA:95,12,0,0
BRDA:95,12,1,0
BRDA:128,13,0,0
BRDA:128,13,1,0
BRDA:130,14,0,0
BRDA:130,14,1,0
BRDA:138,15,0,0
BRDA:138,15,1,0
BRDA:139,16,0,0
BRDA:139,16,1,0
BRDA:139,16,2,0
BRDA:139,17,0,0
BRDA:139,17,1,0
BRDA:139,18,0,0
BRDA:139,18,1,0
BRDA:167,19,0,0
BRDA:167,19,1,0
BRDA:178,20,0,0
BRDA:178,20,1,0
BRDA:213,21,0,0
BRDA:213,21,1,0
BRDA:213,22,0,0
BRDA:213,22,1,0
BRDA:219,23,0,0
BRDA:220,24,0,0
BRDA:220,24,1,0
BRDA:220,25,0,0
BRDA:220,25,1,0
BRDA:220,25,2,0
BRDA:232,26,0,0
BRDA:232,26,1,0
BRDA:239,27,0,0
BRDA:239,27,1,0
BRDA:255,28,0,0
BRDA:255,28,1,0
BRDA:255,28,2,0
BRDA:255,29,0,0
BRDA:255,29,1,0
BRDA:255,30,0,0
BRDA:255,30,1,0
BRDA:274,31,0,0
BRDA:274,31,1,0
BRDA:281,32,0,0
BRDA:281,32,1,0
BRDA:281,33,0,0
BRDA:281,33,1,0
BRDA:293,34,0,0
BRDA:293,34,1,0
BRDA:293,35,0,0
BRDA:293,35,1,0
BRDA:320,36,0,0
BRDA:320,36,1,0
BRDA:327,37,0,0
BRDA:327,37,1,0
BRDA:327,38,0,0
BRDA:327,38,1,0
BRDA:339,39,0,0
BRDA:339,39,1,0
BRDA:348,40,0,0
BRDA:348,40,1,0
BRDA:355,41,0,0
BRDA:355,41,1,0
BRDA:363,42,0,0
BRDA:363,42,1,0
BRDA:363,42,2,0
BRDA:363,43,0,0
BRDA:363,43,1,0
BRDA:363,44,0,0
BRDA:363,44,1,0
BRDA:380,45,0,0
BRDA:380,45,1,0
BRDA:412,46,0,0
BRDA:412,46,1,0
BRDA:424,47,0,0
BRDA:424,47,1,0
BRDA:436,48,0,0
BRDA:436,48,1,0
BRDA:441,49,0,0
BRDA:441,49,1,0
BRDA:443,50,0,0
BRDA:443,50,1,0
BRDA:478,51,0,0
BRDA:478,51,1,0
BRDA:478,52,0,0
BRDA:478,52,1,0
BRDA:478,52,2,0
BRDA:478,52,3,0
BRDA:485,53,0,0
BRDA:485,53,1,0
BRDA:491,54,0,0
BRDA:491,54,1,0
BRDA:497,55,0,0
BRDA:497,55,1,0
BRDA:509,56,0,0
BRDA:509,56,1,0
BRDA:517,57,0,0
BRDA:517,57,1,0
BRDA:524,58,0,0
BRDA:524,58,1,0
BRDA:550,59,0,0
BRDA:550,59,1,0
BRDA:566,60,0,0
BRDA:566,60,1,0
BRF:130
BRH:0
end_of_record
TN:
SF:src\routes\classSessions.ts
FN:7,(anonymous_0)
FN:17,(anonymous_1)
FN:52,(anonymous_2)
FN:95,(anonymous_3)
FN:147,(anonymous_4)
FN:186,(anonymous_5)
FN:223,(anonymous_6)
FNF:7
FNH:0
FNDA:0,(anonymous_0)
FNDA:0,(anonymous_1)
FNDA:0,(anonymous_2)
FNDA:0,(anonymous_3)
FNDA:0,(anonymous_4)
FNDA:0,(anonymous_5)
FNDA:0,(anonymous_6)
DA:5,0
DA:7,0
DA:8,0
DA:9,0
DA:14,0
DA:17,0
DA:18,0
DA:19,0
DA:38,0
DA:44,0
DA:45,0
DA:52,0
DA:53,0
DA:54,0
DA:55,0
DA:75,0
DA:76,0
DA:81,0
DA:87,0
DA:88,0
DA:95,0
DA:96,0
DA:97,0
DA:98,0
DA:99,0
DA:104,0
DA:105,0
DA:107,0
DA:111,0
DA:112,0
DA:114,0
DA:119,0
DA:121,0
DA:129,0
DA:132,0
DA:139,0
DA:140,0
DA:147,0
DA:148,0
DA:149,0
DA:151,0
DA:163,0
DA:164,0
DA:165,0
DA:169,0
DA:171,0
DA:178,0
DA:179,0
DA:186,0
DA:187,0
DA:188,0
DA:190,0
DA:200,0
DA:201,0
DA:202,0
DA:206,0
DA:208,0
DA:215,0
DA:216,0
DA:223,0
DA:224,0
DA:225,0
DA:226,0
DA:227,0
DA:228,0
DA:234,0
DA:235,0
DA:240,0
DA:245,0
DA:246,0
DA:251,0
DA:258,0
DA:259,0
LF:73
LH:0
BRDA:8,0,0,0
BRDA:8,0,1,0
BRDA:75,1,0,0
BRDA:75,1,1,0
BRDA:98,2,0,0
BRDA:98,2,1,0
BRDA:119,3,0,0
BRDA:119,3,1,0
BRDA:227,4,0,0
BRDA:227,4,1,0
BRDA:234,5,0,0
BRDA:234,5,1,0
BRDA:245,6,0,0
BRDA:245,6,1,0
BRF:14
BRH:0
end_of_record
TN:
SF:src\routes\classrooms.ts
FN:8,(anonymous_0)
FN:19,(anonymous_1)
FN:37,(anonymous_2)
FN:56,(anonymous_3)
FN:57,(anonymous_4)
FN:87,(anonymous_5)
FN:107,(anonymous_6)
FNF:7
FNH:0
FNDA:0,(anonymous_0)
FNDA:0,(anonymous_1)
FNDA:0,(anonymous_2)
FNDA:0,(anonymous_3)
FNDA:0,(anonymous_4)
FNDA:0,(anonymous_5)
FNDA:0,(anonymous_6)
DA:6,0
DA:8,0
DA:9,0
DA:10,0
DA:11,0
DA:14,0
DA:15,0
DA:19,0
DA:20,0
DA:21,0
DA:22,0
DA:26,0
DA:27,0
DA:29,0
DA:32,0
DA:33,0
DA:37,0
DA:38,0
DA:39,0
DA:41,0
DA:42,0
DA:48,0
DA:49,0
DA:50,0
DA:56,0
DA:57,0
DA:58,0
DA:59,0
DA:64,0
DA:65,0
DA:70,0
DA:79,0
DA:82,0
DA:83,0
DA:87,0
DA:88,0
DA:89,0
DA:90,0
DA:91,0
DA:96,0
DA:97,0
DA:99,0
DA:102,0
DA:103,0
DA:107,0
DA:108,0
DA:109,0
DA:110,0
DA:114,0
DA:115,0
DA:117,0
DA:120,0
DA:121,0
LF:53
LH:0
BRDA:26,0,0,0
BRDA:26,0,1,0
BRDA:41,1,0,0
BRDA:41,1,1,0
BRDA:49,2,0,0
BRDA:49,2,1,0
BRDA:58,3,0,0
BRDA:58,3,1,0
BRDA:58,4,0,0
BRDA:58,4,1,0
BRDA:64,5,0,0
BRDA:64,5,1,0
BRDA:64,6,0,0
BRDA:64,6,1,0
BRDA:96,7,0,0
BRDA:96,7,1,0
BRDA:114,8,0,0
BRDA:114,8,1,0
BRF:18
BRH:0
end_of_record
TN:
SF:src\routes\computers.ts
FN:9,(anonymous_0)
FN:20,(anonymous_1)
FN:42,(anonymous_2)
FN:70,(anonymous_3)
FN:98,(anonymous_4)
FN:120,(anonymous_5)
FN:153,(anonymous_6)
FN:203,(anonymous_7)
FN:218,(anonymous_8)
FN:312,(anonymous_9)
FN:377,(anonymous_10)
FN:433,createAssignmentsFromResults
FN:473,(anonymous_12)
FN:493,(anonymous_13)
FN:513,(anonymous_14)
FN:533,(anonymous_15)
FN:554,(anonymous_16)
FN:559,(anonymous_17)
FN:584,(anonymous_18)
FN:613,(anonymous_19)
FN:643,(anonymous_20)
FN:678,(anonymous_21)
FN:729,(anonymous_22)
FN:746,(anonymous_23)
FNF:24
FNH:0
FNDA:0,(anonymous_0)
FNDA:0,(anonymous_1)
FNDA:0,(anonymous_2)
FNDA:0,(anonymous_3)
FNDA:0,(anonymous_4)
FNDA:0,(anonymous_5)
FNDA:0,(anonymous_6)
FNDA:0,(anonymous_7)
FNDA:0,(anonymous_8)
FNDA:0,(anonymous_9)
FNDA:0,(anonymous_10)
FNDA:0,createAssignmentsFromResults
FNDA:0,(anonymous_12)
FNDA:0,(anonymous_13)
FNDA:0,(anonymous_14)
FNDA:0,(anonymous_15)
FNDA:0,(anonymous_16)
FNDA:0,(anonymous_17)
FNDA:0,(anonymous_18)
FNDA:0,(anonymous_19)
FNDA:0,(anonymous_20)
FNDA:0,(anonymous_21)
FNDA:0,(anonymous_22)
FNDA:0,(anonymous_23)
DA:7,0
DA:9,0
DA:10,0
DA:11,0
DA:12,0
DA:13,0
DA:15,0
DA:20,0
DA:21,0
DA:22,0
DA:24,0
DA:28,0
DA:31,0
DA:32,0
DA:35,0
DA:36,0
DA:42,0
DA:43,0
DA:44,0
DA:60,0
DA:63,0
DA:64,0
DA:70,0
DA:71,0
DA:72,0
DA:73,0
DA:74,0
DA:78,0
DA:83,0
DA:84,0
DA:88,0
DA:91,0
DA:92,0
DA:98,0
DA:99,0
DA:100,0
DA:101,0
DA:102,0
DA:107,0
DA:108,0
DA:109,0
DA:115,0
DA:119,0
DA:121,0
DA:122,0
DA:126,0
DA:127,0
DA:128,0
DA:129,0
DA:137,0
DA:139,0
DA:146,0
DA:147,0
DA:153,0
DA:154,0
DA:155,0
DA:156,0
DA:157,0
DA:158,0
DA:160,0
DA:161,0
DA:162,0
DA:168,0
DA:169,0
DA:170,0
DA:171,0
DA:177,0
DA:188,0
DA:189,0
DA:193,0
DA:196,0
DA:197,0
DA:203,0
DA:204,0
DA:205,0
DA:206,0
DA:207,0
DA:210,0
DA:211,0
DA:218,0
DA:219,0
DA:220,0
DA:221,0
DA:222,0
DA:223,0
DA:224,0
DA:225,0
DA:226,0
DA:232,0
DA:233,0
DA:235,0
DA:241,0
DA:242,0
DA:243,0
DA:244,0
DA:251,0
DA:252,0
DA:259,0
DA:260,0
DA:261,0
DA:262,0
DA:268,0
DA:273,0
DA:274,0
DA:275,0
DA:280,0
DA:282,0
DA:289,0
DA:291,0
DA:301,0
DA:302,0
DA:305,0
DA:306,0
DA:312,0
DA:313,0
DA:314,0
DA:315,0
DA:316,0
DA:317,0
DA:319,0
DA:324,0
DA:325,0
DA:326,0
DA:330,0
DA:331,0
DA:333,0
DA:334,0
DA:335,0
DA:341,0
DA:342,0
DA:343,0
DA:344,0
DA:350,0
DA:352,0
DA:356,0
DA:358,0
DA:365,0
DA:366,0
DA:369,0
DA:370,0
DA:377,0
DA:378,0
DA:379,0
DA:380,0
DA:382,0
DA:383,0
DA:384,0
DA:386,0
DA:391,0
DA:392,0
DA:394,0
DA:399,0
DA:409,0
DA:415,0
DA:418,0
DA:425,0
DA:426,0
DA:434,0
DA:435,0
DA:436,0
DA:438,0
DA:443,0
DA:444,0
DA:446,0
DA:451,0
DA:461,0
DA:467,0
DA:470,0
DA:473,0
DA:474,0
DA:475,0
DA:476,0
DA:477,0
DA:478,0
DA:485,0
DA:486,0
DA:493,0
DA:494,0
DA:495,0
DA:496,0
DA:497,0
DA:498,0
DA:505,0
DA:506,0
DA:513,0
DA:514,0
DA:515,0
DA:516,0
DA:517,0
DA:518,0
DA:525,0
DA:526,0
DA:533,0
DA:534,0
DA:535,0
DA:536,0
DA:537,0
DA:538,0
DA:539,0
DA:546,0
DA:547,0
DA:554,0
DA:555,0
DA:556,0
DA:559,0
DA:560,0
DA:561,0
DA:562,0
DA:563,0
DA:573,0
DA:576,0
DA:577,0
DA:584,0
DA:585,0
DA:586,0
DA:587,0
DA:590,0
DA:592,0
DA:593,0
DA:601,0
DA:604,0
DA:605,0
DA:613,0
DA:614,0
DA:615,0
DA:632,0
DA:635,0
DA:636,0
DA:643,0
DA:644,0
DA:645,0
DA:646,0
DA:647,0
DA:661,0
DA:662,0
DA:667,0
DA:670,0
DA:671,0
DA:678,0
DA:679,0
DA:680,0
DA:681,0
DA:682,0
DA:689,0
DA:690,0
DA:692,0
DA:697,0
DA:698,0
DA:707,0
DA:712,0
DA:713,0
DA:718,0
DA:721,0
DA:722,0
DA:729,0
DA:730,0
DA:731,0
DA:732,0
DA:735,0
DA:738,0
DA:739,0
DA:746,0
DA:747,0
DA:748,0
DA:749,0
DA:761,0
DA:764,0
DA:765,0
LF:268
LH:0
BRDA:13,0,0,0
BRDA:13,0,1,0
BRDA:21,1,0,0
BRDA:21,1,1,0
BRDA:73,2,0,0
BRDA:73,2,1,0
BRDA:83,3,0,0
BRDA:83,3,1,0
BRDA:101,4,0,0
BRDA:101,4,1,0
BRDA:107,5,0,0
BRDA:107,5,1,0
BRDA:108,6,0,0
BRDA:108,6,1,0
BRDA:108,7,0,0
BRDA:108,7,1,0
BRDA:119,8,0,0
BRDA:119,8,1,0
BRDA:122,9,0,0
BRDA:122,9,1,0
BRDA:160,10,0,0
BRDA:160,10,1,0
BRDA:169,11,0,0
BRDA:169,11,1,0
BRDA:188,12,0,0
BRDA:188,12,1,0
BRDA:224,13,0,0
BRDA:224,13,1,0
BRDA:224,14,0,0
BRDA:224,14,1,0
BRDA:224,14,2,0
BRDA:232,15,0,0
BRDA:232,15,1,0
BRDA:242,16,0,0
BRDA:242,16,1,0
BRDA:260,17,0,0
BRDA:260,17,1,0
BRDA:273,18,0,0
BRDA:273,18,1,0
BRDA:324,19,0,0
BRDA:324,19,1,0
BRDA:333,20,0,0
BRDA:333,20,1,0
BRDA:342,21,0,0
BRDA:342,21,1,0
BRDA:391,22,0,0
BRDA:391,22,1,0
BRDA:443,23,0,0
BRDA:443,23,1,0
BRDA:567,24,0,0
BRDA:567,24,1,0
BRDA:568,25,0,0
BRDA:568,25,1,0
BRDA:654,26,0,0
BRDA:654,26,1,0
BRDA:661,27,0,0
BRDA:661,27,1,0
BRDA:689,28,0,0
BRDA:689,28,1,0
BRDA:697,29,0,0
BRDA:697,29,1,0
BRDA:712,30,0,0
BRDA:712,30,1,0
BRF:63
BRH:0
end_of_record
TN:
SF:src\routes\dashboard.ts
FN:10,(anonymous_0)
FN:30,(anonymous_1)
FN:135,(anonymous_2)
FN:149,(anonymous_3)
FN:169,(anonymous_4)
FN:205,(anonymous_5)
FN:278,(anonymous_6)
FN:284,(anonymous_7)
FN:288,(anonymous_8)
FN:295,(anonymous_9)
FN:318,(anonymous_10)
FN:335,(anonymous_11)
FN:364,(anonymous_12)
FN:408,(anonymous_13)
FNF:14
FNH:0
FNDA:0,(anonymous_0)
FNDA:0,(anonymous_1)
FNDA:0,(anonymous_2)
FNDA:0,(anonymous_3)
FNDA:0,(anonymous_4)
FNDA:0,(anonymous_5)
FNDA:0,(anonymous_6)
FNDA:0,(anonymous_7)
FNDA:0,(anonymous_8)
FNDA:0,(anonymous_9)
FNDA:0,(anonymous_10)
FNDA:0,(anonymous_11)
FNDA:0,(anonymous_12)
FNDA:0,(anonymous_13)
DA:8,0
DA:10,0
DA:11,0
DA:12,0
DA:17,0
DA:20,0
DA:30,0
DA:31,0
DA:33,0
DA:34,0
DA:35,0
DA:41,0
DA:42,0
DA:43,0
DA:45,0
DA:94,0
DA:95,0
DA:96,0
DA:97,0
DA:98,0
DA:99,0
DA:100,0
DA:102,0
DA:103,0
DA:104,0
DA:105,0
DA:106,0
DA:107,0
DA:108,0
DA:119,0
DA:120,0
DA:127,0
DA:128,0
DA:135,0
DA:136,0
DA:137,0
DA:149,0
DA:155,0
DA:161,0
DA:162,0
DA:169,0
DA:170,0
DA:171,0
DA:172,0
DA:173,0
DA:174,0
DA:191,0
DA:197,0
DA:198,0
DA:205,0
DA:206,0
DA:207,0
DA:209,0
DA:210,0
DA:211,0
DA:213,0
DA:214,0
DA:216,0
DA:217,0
DA:219,0
DA:220,0
DA:222,0
DA:225,0
DA:237,0
DA:247,0
DA:262,0
DA:277,0
DA:278,0
DA:284,0
DA:288,0
DA:295,0
DA:304,0
DA:310,0
DA:311,0
DA:318,0
DA:319,0
DA:320,0
DA:321,0
DA:327,0
DA:328,0
DA:335,0
DA:336,0
DA:338,0
DA:343,0
DA:344,0
DA:349,0
DA:350,0
DA:356,0
DA:357,0
DA:364,0
DA:365,0
DA:366,0
DA:367,0
DA:368,0
DA:374,0
DA:379,0
DA:380,0
DA:385,0
DA:386,0
DA:387,0
DA:393,0
DA:400,0
DA:401,0
DA:408,0
DA:409,0
DA:410,0
DA:411,0
DA:412,0
DA:418,0
DA:423,0
DA:424,0
DA:429,0
DA:430,0
DA:437,0
DA:438,0
LF:115
LH:0
BRDA:11,0,0,0
BRDA:11,0,1,0
BRDA:34,1,0,0
BRDA:34,1,1,0
BRDA:94,2,0,0
BRDA:94,2,1,0
BRDA:95,3,0,0
BRDA:95,3,1,0
BRDA:97,4,0,0
BRDA:97,4,1,0
BRDA:98,5,0,0
BRDA:98,5,1,0
BRDA:99,6,0,0
BRDA:99,6,1,0
BRDA:100,7,0,0
BRDA:100,7,1,0
BRDA:109,8,0,0
BRDA:109,8,1,0
BRDA:114,9,0,0
BRDA:114,9,1,0
BRDA:207,10,0,0
BRDA:211,11,0,0
BRDA:211,11,1,0
BRDA:211,11,2,0
BRDA:211,11,3,0
BRDA:282,12,0,0
BRDA:282,12,1,0
BRDA:290,13,0,0
BRDA:290,13,1,0
BRDA:297,14,0,0
BRDA:297,14,1,0
BRDA:343,15,0,0
BRDA:343,15,1,0
BRDA:343,16,0,0
BRDA:343,16,1,0
BRDA:367,17,0,0
BRDA:367,17,1,0
BRDA:367,18,0,0
BRDA:367,18,1,0
BRDA:367,18,2,0
BRDA:379,19,0,0
BRDA:379,19,1,0
BRDA:379,20,0,0
BRDA:379,20,1,0
BRDA:386,21,0,0
BRDA:386,21,1,0
BRDA:411,22,0,0
BRDA:411,22,1,0
BRDA:411,23,0,0
BRDA:411,23,1,0
BRDA:423,24,0,0
BRDA:423,24,1,0
BRDA:423,25,0,0
BRDA:423,25,1,0
BRF:54
BRH:0
end_of_record
TN:
SF:src\routes\enrollments.ts
FN:8,(anonymous_0)
FN:19,(anonymous_1)
FN:65,(anonymous_2)
FN:106,(anonymous_3)
FN:149,(anonymous_4)
FN:218,(anonymous_5)
FN:252,(anonymous_6)
FN:279,(anonymous_7)
FN:304,(anonymous_8)
FN:329,(anonymous_9)
FN:374,(anonymous_10)
FNF:11
FNH:0
FNDA:0,(anonymous_0)
FNDA:0,(anonymous_1)
FNDA:0,(anonymous_2)
FNDA:0,(anonymous_3)
FNDA:0,(anonymous_4)
FNDA:0,(anonymous_5)
FNDA:0,(anonymous_6)
FNDA:0,(anonymous_7)
FNDA:0,(anonymous_8)
FNDA:0,(anonymous_9)
FNDA:0,(anonymous_10)
DA:6,0
DA:8,0
DA:9,0
DA:10,0
DA:11,0
DA:12,0
DA:14,0
DA:19,0
DA:20,0
DA:21,0
DA:26,0
DA:36,0
DA:42,0
DA:51,0
DA:57,0
DA:58,0
DA:65,0
DA:66,0
DA:67,0
DA:68,0
DA:69,0
DA:71,0
DA:72,0
DA:77,0
DA:78,0
DA:84,0
DA:92,0
DA:98,0
DA:99,0
DA:106,0
DA:107,0
DA:108,0
DA:109,0
DA:110,0
DA:112,0
DA:113,0
DA:120,0
DA:121,0
DA:127,0
DA:135,0
DA:141,0
DA:142,0
DA:149,0
DA:150,0
DA:151,0
DA:152,0
DA:153,0
DA:159,0
DA:164,0
DA:165,0
DA:171,0
DA:176,0
DA:177,0
DA:183,0
DA:188,0
DA:189,0
DA:194,0
DA:203,0
DA:210,0
DA:211,0
DA:218,0
DA:219,0
DA:220,0
DA:221,0
DA:222,0
DA:231,0
DA:232,0
DA:237,0
DA:244,0
DA:245,0
DA:252,0
DA:253,0
DA:254,0
DA:255,0
DA:259,0
DA:260,0
DA:265,0
DA:271,0
DA:272,0
DA:279,0
DA:280,0
DA:281,0
DA:282,0
DA:287,0
DA:293,0
DA:298,0
DA:299,0
DA:304,0
DA:310,0
DA:314,0
DA:321,0
DA:322,0
DA:329,0
DA:330,0
DA:331,0
DA:332,0
DA:333,0
DA:335,0
DA:336,0
DA:341,0
DA:342,0
DA:348,0
DA:360,0
DA:366,0
DA:367,0
DA:374,0
DA:375,0
DA:376,0
DA:377,0
DA:378,0
DA:382,0
DA:383,0
DA:388,0
DA:394,0
DA:395,0
LF:115
LH:0
BRDA:12,0,0,0
BRDA:12,0,1,0
BRDA:20,1,0,0
BRDA:20,1,1,0
BRDA:71,2,0,0
BRDA:71,2,1,0
BRDA:77,3,0,0
BRDA:77,3,1,0
BRDA:112,4,0,0
BRDA:112,4,1,0
BRDA:120,5,0,0
BRDA:120,5,1,0
BRDA:152,6,0,0
BRDA:152,6,1,0
BRDA:152,7,0,0
BRDA:152,7,1,0
BRDA:152,7,2,0
BRDA:152,7,3,0
BRDA:164,8,0,0
BRDA:164,8,1,0
BRDA:176,9,0,0
BRDA:176,9,1,0
BRDA:188,10,0,0
BRDA:188,10,1,0
BRDA:231,11,0,0
BRDA:231,11,1,0
BRDA:259,12,0,0
BRDA:259,12,1,0
BRDA:282,13,0,0
BRDA:282,13,1,0
BRDA:282,14,0,0
BRDA:282,14,1,0
BRDA:282,14,2,0
BRDA:282,14,3,0
BRDA:282,14,4,0
BRDA:298,15,0,0
BRDA:298,15,1,0
BRDA:335,16,0,0
BRDA:335,16,1,0
BRDA:341,17,0,0
BRDA:341,17,1,0
BRDA:382,18,0,0
BRDA:382,18,1,0
BRF:43
BRH:0
end_of_record
TN:
SF:src\routes\gdpr.ts
FN:8,(anonymous_0)
FN:18,(anonymous_1)
FN:36,(anonymous_2)
FN:57,(anonymous_3)
FN:79,(anonymous_4)
FN:85,(anonymous_5)
FN:91,(anonymous_6)
FN:115,(anonymous_7)
FN:121,(anonymous_8)
FN:146,(anonymous_9)
FN:153,(anonymous_10)
FN:159,(anonymous_11)
FN:182,(anonymous_12)
FN:188,(anonymous_13)
FN:194,(anonymous_14)
FN:218,(anonymous_15)
FN:230,(anonymous_16)
FN:252,(anonymous_17)
FN:258,(anonymous_18)
FN:264,(anonymous_19)
FN:292,(anonymous_20)
FN:311,(anonymous_21)
FN:323,(anonymous_22)
FN:343,(anonymous_23)
FN:362,(anonymous_24)
FN:368,(anonymous_25)
FN:388,(anonymous_26)
FNF:27
FNH:0
FNDA:0,(anonymous_0)
FNDA:0,(anonymous_1)
FNDA:0,(anonymous_2)
FNDA:0,(anonymous_3)
FNDA:0,(anonymous_4)
FNDA:0,(anonymous_5)
FNDA:0,(anonymous_6)
FNDA:0,(anonymous_7)
FNDA:0,(anonymous_8)
FNDA:0,(anonymous_9)
FNDA:0,(anonymous_10)
FNDA:0,(anonymous_11)
FNDA:0,(anonymous_12)
FNDA:0,(anonymous_13)
FNDA:0,(anonymous_14)
FNDA:0,(anonymous_15)
FNDA:0,(anonymous_16)
FNDA:0,(anonymous_17)
FNDA:0,(anonymous_18)
FNDA:0,(anonymous_19)
FNDA:0,(anonymous_20)
FNDA:0,(anonymous_21)
FNDA:0,(anonymous_22)
FNDA:0,(anonymous_23)
FNDA:0,(anonymous_24)
FNDA:0,(anonymous_25)
FNDA:0,(anonymous_26)
DA:6,0
DA:8,0
DA:9,0
DA:10,0
DA:15,0
DA:18,0
DA:19,0
DA:20,0
DA:21,0
DA:23,0
DA:24,0
DA:25,0
DA:28,0
DA:36,0
DA:37,0
DA:38,0
DA:39,0
DA:41,0
DA:42,0
DA:49,0
DA:50,0
DA:57,0
DA:58,0
DA:59,0
DA:60,0
DA:62,0
DA:63,0
DA:70,0
DA:71,0
DA:78,0
DA:80,0
DA:81,0
DA:83,0
DA:86,0
DA:87,0
DA:89,0
DA:92,0
DA:93,0
DA:94,0
DA:95,0
DA:96,0
DA:98,0
DA:99,0
DA:106,0
DA:107,0
DA:114,0
DA:116,0
DA:117,0
DA:119,0
DA:122,0
DA:123,0
DA:124,0
DA:125,0
DA:126,0
DA:128,0
DA:129,0
DA:137,0
DA:138,0
DA:145,0
DA:147,0
DA:148,0
DA:149,0
DA:151,0
DA:154,0
DA:155,0
DA:157,0
DA:160,0
DA:161,0
DA:162,0
DA:163,0
DA:164,0
DA:166,0
DA:167,0
DA:173,0
DA:174,0
DA:181,0
DA:183,0
DA:184,0
DA:186,0
DA:189,0
DA:190,0
DA:192,0
DA:195,0
DA:196,0
DA:197,0
DA:198,0
DA:199,0
DA:201,0
DA:202,0
DA:208,0
DA:209,0
DA:217,0
DA:219,0
DA:225,0
DA:226,0
DA:228,0
DA:231,0
DA:232,0
DA:233,0
DA:234,0
DA:235,0
DA:236,0
DA:243,0
DA:244,0
DA:251,0
DA:253,0
DA:254,0
DA:256,0
DA:259,0
DA:260,0
DA:262,0
DA:265,0
DA:266,0
DA:267,0
DA:268,0
DA:269,0
DA:277,0
DA:284,0
DA:285,0
DA:292,0
DA:293,0
DA:294,0
DA:295,0
DA:296,0
DA:302,0
DA:303,0
DA:310,0
DA:312,0
DA:318,0
DA:319,0
DA:321,0
DA:324,0
DA:325,0
DA:326,0
DA:327,0
DA:328,0
DA:329,0
DA:335,0
DA:336,0
DA:343,0
DA:344,0
DA:345,0
DA:346,0
DA:347,0
DA:353,0
DA:354,0
DA:361,0
DA:363,0
DA:364,0
DA:366,0
DA:369,0
DA:370,0
DA:371,0
DA:372,0
DA:373,0
DA:380,0
DA:381,0
DA:388,0
DA:389,0
LF:159
LH:0
BRDA:9,0,0,0
BRDA:9,0,1,0
BRDA:23,1,0,0
BRDA:23,1,1,0
BRDA:23,2,0,0
BRDA:23,2,1,0
BRDA:41,3,0,0
BRDA:41,3,1,0
BRDA:62,4,0,0
BRDA:62,4,1,0
BRDA:80,5,0,0
BRDA:80,5,1,0
BRDA:80,6,0,0
BRDA:80,6,1,0
BRDA:86,7,0,0
BRDA:86,7,1,0
BRDA:86,8,0,0
BRDA:86,8,1,0
BRDA:86,8,2,0
BRDA:98,9,0,0
BRDA:98,9,1,0
BRDA:116,10,0,0
BRDA:116,10,1,0
BRDA:116,11,0,0
BRDA:116,11,1,0
BRDA:116,11,2,0
BRDA:128,12,0,0
BRDA:128,12,1,0
BRDA:148,13,0,0
BRDA:148,13,1,0
BRDA:154,14,0,0
BRDA:154,14,1,0
BRDA:154,15,0,0
BRDA:154,15,1,0
BRDA:154,15,2,0
BRDA:166,16,0,0
BRDA:166,16,1,0
BRDA:183,17,0,0
BRDA:183,17,1,0
BRDA:183,18,0,0
BRDA:183,18,1,0
BRDA:183,18,2,0
BRDA:189,19,0,0
BRDA:189,19,1,0
BRDA:189,20,0,0
BRDA:189,20,1,0
BRDA:189,20,2,0
BRDA:201,21,0,0
BRDA:201,21,1,0
BRDA:225,22,0,0
BRDA:225,22,1,0
BRDA:246,23,0,0
BRDA:246,23,1,0
BRDA:253,24,0,0
BRDA:253,24,1,0
BRDA:253,25,0,0
BRDA:253,25,1,0
BRDA:253,25,2,0
BRDA:259,26,0,0
BRDA:259,26,1,0
BRDA:267,27,0,0
BRDA:267,27,1,0
BRDA:268,28,0,0
BRDA:268,28,1,0
BRDA:271,29,0,0
BRDA:271,29,1,0
BRDA:287,30,0,0
BRDA:287,30,1,0
BRDA:318,31,0,0
BRDA:318,31,1,0
BRDA:363,32,0,0
BRDA:363,32,1,0
BRDA:363,33,0,0
BRDA:363,33,1,0
BRF:74
BRH:0
end_of_record
TN:
SF:src\routes\health.ts
FN:8,performDetailedHealthChecks
FN:111,(anonymous_1)
FN:142,(anonymous_2)
FN:166,(anonymous_3)
FN:173,(anonymous_4)
FN:191,(anonymous_5)
FN:212,(anonymous_6)
FN:221,(anonymous_7)
FNF:8
FNH:0
FNDA:0,performDetailedHealthChecks
FNDA:0,(anonymous_1)
FNDA:0,(anonymous_2)
FNDA:0,(anonymous_3)
FNDA:0,(anonymous_4)
FNDA:0,(anonymous_5)
FNDA:0,(anonymous_6)
FNDA:0,(anonymous_7)
DA:6,0
DA:9,0
DA:11,0
DA:12,0
DA:13,0
DA:14,0
DA:15,0
DA:22,0
DA:29,0
DA:30,0
DA:31,0
DA:32,0
DA:33,0
DA:34,0
DA:35,0
DA:42,0
DA:50,0
DA:57,0
DA:58,0
DA:59,0
DA:60,0
DA:61,0
DA:69,0
DA:75,0
DA:80,0
DA:81,0
DA:82,0
DA:85,0
DA:91,0
DA:98,0
DA:108,0
DA:111,0
DA:112,0
DA:113,0
DA:115,0
DA:120,0
DA:129,0
DA:134,0
DA:142,0
DA:143,0
DA:144,0
DA:146,0
DA:147,0
DA:153,0
DA:158,0
DA:166,0
DA:167,0
DA:169,0
DA:170,0
DA:172,0
DA:173,0
DA:174,0
DA:175,0
DA:177,0
DA:178,0
DA:179,0
DA:182,0
DA:187,0
DA:191,0
DA:192,0
DA:194,0
DA:196,0
DA:197,0
DA:204,0
DA:212,0
DA:214,0
DA:221,0
DA:222,0
DA:223,0
DA:224,0
DA:242,0
DA:247,0
LF:72
LH:0
BRDA:25,0,0,0
BRDA:25,0,1,0
BRDA:34,1,0,0
BRDA:34,1,1,0
BRDA:53,2,0,0
BRDA:53,2,1,0
BRDA:71,3,0,0
BRDA:71,3,1,0
BRDA:93,4,0,0
BRDA:93,4,1,0
BRDA:115,5,0,0
BRDA:115,5,1,0
BRDA:117,6,0,0
BRDA:117,6,1,0
BRDA:124,7,0,0
BRDA:124,7,1,0
BRDA:125,8,0,0
BRDA:125,8,1,0
BRDA:174,9,0,0
BRDA:174,9,1,0
BRDA:174,10,0,0
BRDA:174,10,1,0
BRDA:197,11,0,0
BRDA:197,11,1,0
BRF:24
BRH:0
end_of_record
TN:
SF:src\routes\integrations.ts
FN:6,(anonymous_0)
FN:27,(anonymous_1)
FN:48,(anonymous_2)
FN:69,(anonymous_3)
FN:90,(anonymous_4)
FN:107,(anonymous_5)
FN:142,(anonymous_6)
FN:181,(anonymous_7)
FNF:8
FNH:0
FNDA:0,(anonymous_0)
FNDA:0,(anonymous_1)
FNDA:0,(anonymous_2)
FNDA:0,(anonymous_3)
FNDA:0,(anonymous_4)
FNDA:0,(anonymous_5)
FNDA:0,(anonymous_6)
FNDA:0,(anonymous_7)
DA:4,0
DA:6,0
DA:7,0
DA:8,0
DA:9,0
DA:10,0
DA:19,0
DA:20,0
DA:27,0
DA:28,0
DA:29,0
DA:30,0
DA:31,0
DA:40,0
DA:41,0
DA:48,0
DA:49,0
DA:50,0
DA:51,0
DA:52,0
DA:61,0
DA:62,0
DA:69,0
DA:70,0
DA:71,0
DA:72,0
DA:73,0
DA:82,0
DA:83,0
DA:90,0
DA:91,0
DA:92,0
DA:93,0
DA:95,0
DA:96,0
DA:99,0
DA:100,0
DA:107,0
DA:108,0
DA:109,0
DA:110,0
DA:111,0
DA:116,0
DA:117,0
DA:122,0
DA:124,0
DA:129,0
DA:130,0
DA:131,0
DA:134,0
DA:135,0
DA:142,0
DA:143,0
DA:145,0
DA:167,0
DA:173,0
DA:174,0
DA:181,0
DA:182,0
DA:183,0
DA:184,0
DA:189,0
DA:190,0
DA:191,0
DA:193,0
DA:195,0
DA:196,0
DA:199,0
DA:201,0
DA:203,0
DA:204,0
DA:205,0
DA:212,0
DA:213,0
DA:221,0
DA:228,0
DA:229,0
LF:77
LH:0
BRDA:12,0,0,0
BRDA:12,0,1,0
BRDA:33,1,0,0
BRDA:33,1,1,0
BRDA:54,2,0,0
BRDA:54,2,1,0
BRDA:75,3,0,0
BRDA:75,3,1,0
BRDA:110,4,0,0
BRDA:110,4,1,0
BRDA:116,5,0,0
BRDA:116,5,1,0
BRDA:193,6,0,0
BRDA:193,6,1,0
BRDA:193,6,2,0
BRF:15
BRH:0
end_of_record
TN:
SF:src\routes\iot.ts
FN:7,(anonymous_0)
FN:17,(anonymous_1)
FN:50,(anonymous_2)
FN:67,(anonymous_3)
FN:92,(anonymous_4)
FN:104,(anonymous_5)
FN:112,(anonymous_6)
FN:142,(anonymous_7)
FN:167,(anonymous_8)
FN:198,(anonymous_9)
FN:222,(anonymous_10)
FN:253,(anonymous_11)
FN:271,(anonymous_12)
FN:288,(anonymous_13)
FN:305,(anonymous_14)
FN:325,(anonymous_15)
FN:349,(anonymous_16)
FN:374,(anonymous_17)
FN:400,(anonymous_18)
FN:433,(anonymous_19)
FNF:20
FNH:0
FNDA:0,(anonymous_0)
FNDA:0,(anonymous_1)
FNDA:0,(anonymous_2)
FNDA:0,(anonymous_3)
FNDA:0,(anonymous_4)
FNDA:0,(anonymous_5)
FNDA:0,(anonymous_6)
FNDA:0,(anonymous_7)
FNDA:0,(anonymous_8)
FNDA:0,(anonymous_9)
FNDA:0,(anonymous_10)
FNDA:0,(anonymous_11)
FNDA:0,(anonymous_12)
FNDA:0,(anonymous_13)
FNDA:0,(anonymous_14)
FNDA:0,(anonymous_15)
FNDA:0,(anonymous_16)
FNDA:0,(anonymous_17)
FNDA:0,(anonymous_18)
FNDA:0,(anonymous_19)
DA:5,0
DA:7,0
DA:8,0
DA:9,0
DA:14,0
DA:17,0
DA:18,0
DA:19,0
DA:21,0
DA:22,0
DA:28,0
DA:29,0
DA:30,0
DA:36,0
DA:37,0
DA:38,0
DA:39,0
DA:42,0
DA:43,0
DA:50,0
DA:51,0
DA:52,0
DA:53,0
DA:59,0
DA:60,0
DA:67,0
DA:68,0
DA:69,0
DA:70,0
DA:71,0
DA:72,0
DA:77,0
DA:83,0
DA:84,0
DA:91,0
DA:93,0
DA:94,0
DA:95,0
DA:96,0
DA:98,0
DA:99,0
DA:101,0
DA:105,0
DA:106,0
DA:107,0
DA:108,0
DA:110,0
DA:113,0
DA:114,0
DA:115,0
DA:116,0
DA:121,0
DA:127,0
DA:134,0
DA:135,0
DA:142,0
DA:143,0
DA:144,0
DA:145,0
DA:146,0
DA:147,0
DA:148,0
DA:153,0
DA:159,0
DA:160,0
DA:167,0
DA:168,0
DA:169,0
DA:170,0
DA:171,0
DA:172,0
DA:177,0
DA:178,0
DA:179,0
DA:184,0
DA:190,0
DA:191,0
DA:198,0
DA:199,0
DA:200,0
DA:201,0
DA:202,0
DA:203,0
DA:208,0
DA:214,0
DA:215,0
DA:222,0
DA:223,0
DA:224,0
DA:225,0
DA:226,0
DA:227,0
DA:232,0
DA:233,0
DA:234,0
DA:239,0
DA:245,0
DA:246,0
DA:253,0
DA:254,0
DA:255,0
DA:256,0
DA:257,0
DA:263,0
DA:264,0
DA:271,0
DA:272,0
DA:273,0
DA:274,0
DA:280,0
DA:281,0
DA:288,0
DA:289,0
DA:290,0
DA:291,0
DA:297,0
DA:298,0
DA:305,0
DA:306,0
DA:307,0
DA:308,0
DA:309,0
DA:310,0
DA:317,0
DA:318,0
DA:325,0
DA:326,0
DA:327,0
DA:328,0
DA:329,0
DA:330,0
DA:335,0
DA:341,0
DA:342,0
DA:349,0
DA:350,0
DA:351,0
DA:352,0
DA:353,0
DA:354,0
DA:359,0
DA:366,0
DA:367,0
DA:374,0
DA:375,0
DA:376,0
DA:377,0
DA:378,0
DA:379,0
DA:384,0
DA:392,0
DA:393,0
DA:400,0
DA:401,0
DA:402,0
DA:403,0
DA:404,0
DA:405,0
DA:410,0
DA:411,0
DA:412,0
DA:417,0
DA:423,0
DA:424,0
DA:431,0
DA:434,0
DA:435,0
DA:436,0
DA:437,0
DA:443,0
DA:450,0
DA:451,0
DA:452,0
DA:453,0
DA:458,0
DA:459,0
DA:462,0
DA:463,0
DA:469,0
DA:470,0
DA:477,0
DA:478,0
LF:182
LH:0
BRDA:8,0,0,0
BRDA:8,0,1,0
BRDA:19,1,0,0
BRDA:19,1,1,0
BRDA:21,2,0,0
BRDA:21,2,1,0
BRDA:29,3,0,0
BRDA:29,3,1,0
BRDA:71,4,0,0
BRDA:71,4,1,0
BRDA:93,5,0,0
BRDA:93,5,1,0
BRDA:95,6,0,0
BRDA:95,6,1,0
BRDA:95,7,0,0
BRDA:95,7,1,0
BRDA:95,7,2,0
BRDA:98,8,0,0
BRDA:98,8,1,0
BRDA:105,9,0,0
BRDA:105,9,1,0
BRDA:107,10,0,0
BRDA:107,10,1,0
BRDA:115,11,0,0
BRDA:115,11,1,0
BRDA:115,12,0,0
BRDA:115,12,1,0
BRDA:115,12,2,0
BRDA:147,13,0,0
BRDA:147,13,1,0
BRDA:171,14,0,0
BRDA:171,14,1,0
BRDA:178,15,0,0
BRDA:178,15,1,0
BRDA:202,16,0,0
BRDA:202,16,1,0
BRDA:226,17,0,0
BRDA:226,17,1,0
BRDA:233,18,0,0
BRDA:233,18,1,0
BRDA:308,19,0,0
BRDA:329,20,0,0
BRDA:329,20,1,0
BRDA:353,21,0,0
BRDA:353,21,1,0
BRDA:378,22,0,0
BRDA:378,22,1,0
BRDA:404,23,0,0
BRDA:404,23,1,0
BRDA:404,24,0,0
BRDA:404,24,1,0
BRDA:411,25,0,0
BRDA:411,25,1,0
BRDA:436,26,0,0
BRDA:436,26,1,0
BRF:55
BRH:0
end_of_record
TN:
SF:src\routes\mobile.ts
FN:9,(anonymous_0)
FN:58,(anonymous_1)
FN:83,(anonymous_2)
FN:126,(anonymous_3)
FN:152,(anonymous_4)
FN:171,(anonymous_5)
FN:202,(anonymous_6)
FN:293,(anonymous_7)
FN:341,(anonymous_8)
FN:381,(anonymous_9)
FNF:10
FNH:0
FNDA:0,(anonymous_0)
FNDA:0,(anonymous_1)
FNDA:0,(anonymous_2)
FNDA:0,(anonymous_3)
FNDA:0,(anonymous_4)
FNDA:0,(anonymous_5)
FNDA:0,(anonymous_6)
FNDA:0,(anonymous_7)
FNDA:0,(anonymous_8)
FNDA:0,(anonymous_9)
DA:7,0
DA:9,0
DA:10,0
DA:11,0
DA:13,0
DA:18,0
DA:19,0
DA:25,0
DA:26,0
DA:35,0
DA:50,0
DA:51,0
DA:58,0
DA:59,0
DA:60,0
DA:61,0
DA:69,0
DA:75,0
DA:76,0
DA:83,0
DA:84,0
DA:85,0
DA:86,0
DA:91,0
DA:92,0
DA:97,0
DA:108,0
DA:109,0
DA:111,0
DA:112,0
DA:113,0
DA:114,0
DA:126,0
DA:135,0
DA:152,0
DA:157,0
DA:163,0
DA:164,0
DA:171,0
DA:172,0
DA:173,0
DA:175,0
DA:183,0
DA:184,0
DA:194,0
DA:195,0
DA:202,0
DA:203,0
DA:204,0
DA:207,0
DA:208,0
DA:211,0
DA:217,0
DA:218,0
DA:224,0
DA:229,0
DA:230,0
DA:236,0
DA:241,0
DA:242,0
DA:252,0
DA:253,0
DA:254,0
DA:255,0
DA:256,0
DA:257,0
DA:260,0
DA:273,0
DA:274,0
DA:285,0
DA:286,0
DA:293,0
DA:294,0
DA:295,0
DA:297,0
DA:301,0
DA:302,0
DA:303,0
DA:305,0
DA:315,0
DA:318,0
DA:319,0
DA:323,0
DA:333,0
DA:334,0
DA:341,0
DA:342,0
DA:343,0
DA:344,0
DA:355,0
DA:356,0
DA:362,0
DA:371,0
DA:376,0
DA:381,0
DA:382,0
DA:384,0
DA:406,0
DA:407,0
LF:99
LH:0
BRDA:18,0,0,0
BRDA:18,0,1,0
BRDA:25,1,0,0
BRDA:25,1,1,0
BRDA:31,2,0,0
BRDA:31,2,1,0
BRDA:66,3,0,0
BRDA:66,3,1,0
BRDA:66,4,0,0
BRDA:66,4,1,0
BRDA:91,5,0,0
BRDA:91,5,1,0
BRDA:113,6,0,0
BRDA:113,6,1,0
BRDA:147,7,0,0
BRDA:147,7,1,0
BRDA:208,8,0,0
BRDA:208,8,1,0
BRDA:217,9,0,0
BRDA:217,9,1,0
BRDA:229,10,0,0
BRDA:229,10,1,0
BRDA:241,11,0,0
BRDA:241,11,1,0
BRDA:256,12,0,0
BRDA:256,12,1,0
BRDA:267,13,0,0
BRDA:267,13,1,0
BRDA:301,14,0,0
BRDA:301,14,1,0
BRDA:313,15,0,0
BRDA:313,15,1,0
BRDA:355,16,0,0
BRDA:355,16,1,0
BRDA:397,17,0,0
BRDA:397,17,1,0
BRDA:398,18,0,0
BRDA:398,18,1,0
BRF:38
BRH:0
end_of_record
TN:
SF:src\routes\notifications.ts
FN:9,(anonymous_0)
FN:49,(anonymous_1)
FN:97,(anonymous_2)
FN:194,(anonymous_3)
FN:295,(anonymous_4)
FN:326,(anonymous_5)
FNF:6
FNH:0
FNDA:0,(anonymous_0)
FNDA:0,(anonymous_1)
FNDA:0,(anonymous_2)
FNDA:0,(anonymous_3)
FNDA:0,(anonymous_4)
FNDA:0,(anonymous_5)
DA:7,0
DA:9,0
DA:10,0
DA:11,0
DA:12,0
DA:13,0
DA:14,0
DA:16,0
DA:18,0
DA:34,0
DA:35,0
DA:41,0
DA:42,0
DA:49,0
DA:50,0
DA:51,0
DA:52,0
DA:53,0
DA:55,0
DA:56,0
DA:63,0
DA:64,0
DA:70,0
DA:83,0
DA:89,0
DA:90,0
DA:97,0
DA:98,0
DA:99,0
DA:100,0
DA:101,0
DA:102,0
DA:108,0
DA:114,0
DA:115,0
DA:121,0
DA:126,0
DA:127,0
DA:132,0
DA:133,0
DA:134,0
DA:135,0
DA:141,0
DA:143,0
DA:152,0
DA:153,0
DA:154,0
DA:155,0
DA:161,0
DA:172,0
DA:179,0
DA:186,0
DA:187,0
DA:194,0
DA:195,0
DA:196,0
DA:197,0
DA:198,0
DA:199,0
DA:205,0
DA:211,0
DA:212,0
DA:217,0
DA:218,0
DA:219,0
DA:220,0
DA:222,0
DA:227,0
DA:228,0
DA:229,0
DA:231,0
DA:232,0
DA:233,0
DA:234,0
DA:235,0
DA:238,0
DA:240,0
DA:249,0
DA:250,0
DA:251,0
DA:253,0
DA:264,0
DA:267,0
DA:271,0
DA:275,0
DA:276,0
DA:279,0
DA:287,0
DA:288,0
DA:295,0
DA:296,0
DA:297,0
DA:298,0
DA:299,0
DA:301,0
DA:312,0
DA:313,0
DA:314,0
DA:321,0
DA:326,0
DA:331,0
DA:332,0
LF:102
LH:0
BRDA:14,0,0,0
BRDA:14,0,1,0
BRDA:55,1,0,0
BRDA:55,1,1,0
BRDA:63,2,0,0
BRDA:63,2,1,0
BRDA:101,3,0,0
BRDA:101,3,1,0
BRDA:101,4,0,0
BRDA:101,4,1,0
BRDA:101,4,2,0
BRDA:114,5,0,0
BRDA:114,5,1,0
BRDA:126,6,0,0
BRDA:126,6,1,0
BRDA:133,7,0,0
BRDA:133,7,1,0
BRDA:134,8,0,0
BRDA:134,8,1,0
BRDA:141,9,0,0
BRDA:141,9,1,0
BRDA:152,10,0,0
BRDA:152,10,1,0
BRDA:154,11,0,0
BRDA:154,11,1,0
BRDA:198,12,0,0
BRDA:198,12,1,0
BRDA:198,13,0,0
BRDA:198,13,1,0
BRDA:198,13,2,0
BRDA:198,13,3,0
BRDA:211,14,0,0
BRDA:211,14,1,0
BRDA:227,15,0,0
BRDA:227,15,1,0
BRDA:232,16,0,0
BRDA:232,16,1,0
BRDA:233,17,0,0
BRDA:233,17,1,0
BRDA:238,18,0,0
BRDA:238,18,1,0
BRDA:249,19,0,0
BRDA:249,19,1,0
BRDA:251,20,0,0
BRDA:251,20,1,0
BRDA:299,21,0,0
BRDA:299,21,1,0
BRF:47
BRH:0
end_of_record
TN:
SF:src\routes\privacy.ts
FN:11,(anonymous_0)
FN:29,(anonymous_1)
FN:48,(anonymous_2)
FN:65,(anonymous_3)
FN:82,(anonymous_4)
FN:100,(anonymous_5)
FN:118,(anonymous_6)
FN:135,(anonymous_7)
FN:153,(anonymous_8)
FN:159,(anonymous_9)
FN:179,(anonymous_10)
FN:196,(anonymous_11)
FN:214,(anonymous_12)
FN:266,(anonymous_13)
FN:272,(anonymous_14)
FNF:15
FNH:0
FNDA:0,(anonymous_0)
FNDA:0,(anonymous_1)
FNDA:0,(anonymous_2)
FNDA:0,(anonymous_3)
FNDA:0,(anonymous_4)
FNDA:0,(anonymous_5)
FNDA:0,(anonymous_6)
FNDA:0,(anonymous_7)
FNDA:0,(anonymous_8)
FNDA:0,(anonymous_9)
FNDA:0,(anonymous_10)
FNDA:0,(anonymous_11)
FNDA:0,(anonymous_12)
FNDA:0,(anonymous_13)
FNDA:0,(anonymous_14)
DA:8,0
DA:11,0
DA:12,0
DA:13,0
DA:14,0
DA:21,0
DA:22,0
DA:29,0
DA:30,0
DA:31,0
DA:32,0
DA:33,0
DA:40,0
DA:41,0
DA:48,0
DA:49,0
DA:50,0
DA:51,0
DA:57,0
DA:58,0
DA:65,0
DA:66,0
DA:67,0
DA:68,0
DA:74,0
DA:75,0
DA:82,0
DA:83,0
DA:84,0
DA:85,0
DA:91,0
DA:92,0
DA:100,0
DA:101,0
DA:102,0
DA:103,0
DA:110,0
DA:111,0
DA:118,0
DA:119,0
DA:120,0
DA:121,0
DA:127,0
DA:128,0
DA:135,0
DA:136,0
DA:137,0
DA:138,0
DA:144,0
DA:145,0
DA:152,0
DA:154,0
DA:155,0
DA:157,0
DA:160,0
DA:161,0
DA:162,0
DA:163,0
DA:164,0
DA:170,0
DA:171,0
DA:179,0
DA:180,0
DA:181,0
DA:182,0
DA:188,0
DA:189,0
DA:196,0
DA:197,0
DA:198,0
DA:199,0
DA:205,0
DA:206,0
DA:214,0
DA:215,0
DA:216,0
DA:251,0
DA:257,0
DA:258,0
DA:265,0
DA:267,0
DA:268,0
DA:270,0
DA:273,0
DA:274,0
DA:275,0
DA:277,0
DA:290,0
DA:296,0
DA:297,0
LF:90
LH:0
BRDA:31,0,0,0
BRDA:31,0,1,0
BRDA:154,1,0,0
BRDA:154,1,1,0
BRDA:154,2,0,0
BRDA:154,2,1,0
BRDA:154,2,2,0
BRDA:267,3,0,0
BRDA:267,3,1,0
BRDA:267,4,0,0
BRDA:267,4,1,0
BRDA:267,4,2,0
BRF:12
BRH:0
end_of_record
TN:
SF:src\routes\reports.ts
FN:8,(anonymous_0)
FN:18,(anonymous_1)
FN:41,(anonymous_2)
FN:58,(anonymous_3)
FN:91,(anonymous_4)
FN:116,(anonymous_5)
FN:140,(anonymous_6)
FN:164,(anonymous_7)
FN:209,(anonymous_8)
FN:255,(anonymous_9)
FN:308,(anonymous_10)
FN:427,(anonymous_11)
FN:464,(anonymous_12)
FN:490,(anonymous_13)
FNF:14
FNH:0
FNDA:0,(anonymous_0)
FNDA:0,(anonymous_1)
FNDA:0,(anonymous_2)
FNDA:0,(anonymous_3)
FNDA:0,(anonymous_4)
FNDA:0,(anonymous_5)
FNDA:0,(anonymous_6)
FNDA:0,(anonymous_7)
FNDA:0,(anonymous_8)
FNDA:0,(anonymous_9)
FNDA:0,(anonymous_10)
FNDA:0,(anonymous_11)
FNDA:0,(anonymous_12)
FNDA:0,(anonymous_13)
DA:6,0
DA:8,0
DA:9,0
DA:10,0
DA:15,0
DA:18,0
DA:19,0
DA:20,0
DA:25,0
DA:26,0
DA:31,0
DA:34,0
DA:41,0
DA:42,0
DA:43,0
DA:44,0
DA:50,0
DA:51,0
DA:58,0
DA:59,0
DA:60,0
DA:61,0
DA:62,0
DA:67,0
DA:76,0
DA:83,0
DA:84,0
DA:91,0
DA:92,0
DA:93,0
DA:94,0
DA:95,0
DA:96,0
DA:97,0
DA:102,0
DA:108,0
DA:109,0
DA:116,0
DA:117,0
DA:118,0
DA:119,0
DA:120,0
DA:121,0
DA:126,0
DA:132,0
DA:133,0
DA:140,0
DA:141,0
DA:142,0
DA:143,0
DA:144,0
DA:145,0
DA:150,0
DA:156,0
DA:157,0
DA:164,0
DA:165,0
DA:166,0
DA:167,0
DA:168,0
DA:174,0
DA:185,0
DA:187,0
DA:188,0
DA:189,0
DA:194,0
DA:201,0
DA:202,0
DA:209,0
DA:210,0
DA:211,0
DA:241,0
DA:247,0
DA:248,0
DA:255,0
DA:256,0
DA:257,0
DA:259,0
DA:260,0
DA:261,0
DA:262,0
DA:263,0
DA:264,0
DA:265,0
DA:266,0
DA:268,0
DA:269,0
DA:271,0
DA:272,0
DA:274,0
DA:275,0
DA:278,0
DA:289,0
DA:290,0
DA:294,0
DA:300,0
DA:301,0
DA:308,0
DA:309,0
DA:310,0
DA:311,0
DA:312,0
DA:319,0
DA:320,0
DA:322,0
DA:341,0
DA:342,0
DA:343,0
DA:345,0
DA:346,0
DA:348,0
DA:349,0
DA:351,0
DA:352,0
DA:354,0
DA:355,0
DA:357,0
DA:358,0
DA:360,0
DA:361,0
DA:363,0
DA:371,0
DA:372,0
DA:374,0
DA:386,0
DA:387,0
DA:388,0
DA:390,0
DA:391,0
DA:393,0
DA:394,0
DA:396,0
DA:397,0
DA:399,0
DA:406,0
DA:419,0
DA:420,0
DA:427,0
DA:428,0
DA:430,0
DA:450,0
DA:456,0
DA:457,0
DA:464,0
DA:465,0
DA:466,0
DA:467,0
DA:468,0
DA:469,0
DA:471,0
DA:480,0
DA:487,0
DA:488,0
DA:489,0
DA:490,0
DA:491,0
DA:493,0
DA:494,0
DA:496,0
DA:497,0
DA:499,0
DA:500,0
DA:503,0
DA:514,0
DA:515,0
LF:165
LH:0
BRDA:9,0,0,0
BRDA:9,0,1,0
BRDA:25,1,0,0
BRDA:25,1,1,0
BRDA:25,2,0,0
BRDA:25,2,1,0
BRDA:60,3,0,0
BRDA:61,4,0,0
BRDA:61,4,1,0
BRDA:61,5,0,0
BRDA:61,5,1,0
BRDA:61,5,2,0
BRDA:61,5,3,0
BRDA:61,5,4,0
BRDA:72,6,0,0
BRDA:72,6,1,0
BRDA:96,7,0,0
BRDA:96,7,1,0
BRDA:120,8,0,0
BRDA:120,8,1,0
BRDA:144,9,0,0
BRDA:144,9,1,0
BRDA:166,10,0,0
BRDA:167,11,0,0
BRDA:167,11,1,0
BRDA:188,12,0,0
BRDA:188,12,1,0
BRDA:257,13,0,0
BRDA:257,14,0,0
BRDA:260,15,0,0
BRDA:260,15,1,0
BRDA:268,16,0,0
BRDA:268,16,1,0
BRDA:271,17,0,0
BRDA:271,17,1,0
BRDA:274,18,0,0
BRDA:274,18,1,0
BRDA:289,19,0,0
BRDA:289,19,1,0
BRDA:310,20,0,0
BRDA:311,21,0,0
BRDA:311,21,1,0
BRDA:320,22,0,0
BRDA:320,22,1,0
BRDA:320,22,2,0
BRDA:320,22,3,0
BRDA:342,23,0,0
BRDA:342,23,1,0
BRDA:345,24,0,0
BRDA:345,24,1,0
BRDA:348,25,0,0
BRDA:348,25,1,0
BRDA:351,26,0,0
BRDA:351,26,1,0
BRDA:354,27,0,0
BRDA:354,27,1,0
BRDA:357,28,0,0
BRDA:357,28,1,0
BRDA:387,29,0,0
BRDA:387,29,1,0
BRDA:390,30,0,0
BRDA:390,30,1,0
BRDA:393,31,0,0
BRDA:393,31,1,0
BRDA:491,32,0,0
BRDA:491,32,1,0
BRDA:491,32,2,0
BRDA:509,33,0,0
BRDA:509,33,1,0
BRF:69
BRH:0
end_of_record
TN:
SF:src\routes\schedules.ts
FN:13,(anonymous_0)
FN:23,(anonymous_1)
FN:60,(anonymous_2)
FN:78,(anonymous_3)
FN:133,(anonymous_4)
FN:162,(anonymous_5)
FN:180,(anonymous_6)
FN:192,(anonymous_7)
FN:193,(anonymous_8)
FN:266,(anonymous_9)
FN:283,(anonymous_10)
FN:343,timeSlotsOverlap
FN:351,timeToMinutes
FNF:13
FNH:0
FNDA:0,(anonymous_0)
FNDA:0,(anonymous_1)
FNDA:0,(anonymous_2)
FNDA:0,(anonymous_3)
FNDA:0,(anonymous_4)
FNDA:0,(anonymous_5)
FNDA:0,(anonymous_6)
FNDA:0,(anonymous_7)
FNDA:0,(anonymous_8)
FNDA:0,(anonymous_9)
FNDA:0,(anonymous_10)
FNDA:0,timeSlotsOverlap
FNDA:0,timeToMinutes
DA:9,0
DA:11,0
DA:13,0
DA:14,0
DA:15,0
DA:20,0
DA:23,0
DA:24,0
DA:25,0
DA:46,0
DA:52,0
DA:53,0
DA:60,0
DA:61,0
DA:62,0
DA:63,0
DA:67,0
DA:68,0
DA:70,0
DA:73,0
DA:74,0
DA:78,0
DA:79,0
DA:80,0
DA:81,0
DA:83,0
DA:98,0
DA:103,0
DA:107,0
DA:124,0
DA:128,0
DA:129,0
DA:133,0
DA:134,0
DA:135,0
DA:136,0
DA:137,0
DA:151,0
DA:152,0
DA:154,0
DA:157,0
DA:158,0
DA:162,0
DA:163,0
DA:164,0
DA:165,0
DA:169,0
DA:170,0
DA:172,0
DA:175,0
DA:176,0
DA:180,0
DA:181,0
DA:182,0
DA:183,0
DA:188,0
DA:189,0
DA:190,0
DA:192,0
DA:194,0
DA:195,0
DA:196,0
DA:197,0
DA:198,0
DA:200,0
DA:206,0
DA:212,0
DA:217,0
DA:220,0
DA:221,0
DA:224,0
DA:233,0
DA:234,0
DA:244,0
DA:247,0
DA:248,0
DA:251,0
DA:259,0
DA:260,0
DA:267,0
DA:268,0
DA:275,0
DA:276,0
DA:283,0
DA:284,0
DA:286,0
DA:287,0
DA:289,0
DA:298,0
DA:299,0
DA:300,0
DA:308,0
DA:319,0
DA:320,0
DA:321,0
DA:328,0
DA:335,0
DA:336,0
DA:344,0
DA:345,0
DA:346,0
DA:347,0
DA:348,0
DA:352,0
DA:353,0
LF:105
LH:0
BRDA:14,0,0,0
BRDA:14,0,1,0
BRDA:67,1,0,0
BRDA:67,1,1,0
BRDA:81,2,0,0
BRDA:81,2,1,0
BRDA:119,3,0,0
BRDA:119,3,1,0
BRDA:120,4,0,0
BRDA:120,4,1,0
BRDA:121,5,0,0
BRDA:121,5,1,0
BRDA:151,6,0,0
BRDA:151,6,1,0
BRDA:169,7,0,0
BRDA:169,7,1,0
BRDA:182,8,0,0
BRDA:182,8,1,0
BRDA:217,9,0,0
BRDA:217,9,1,0
BRDA:217,10,0,0
BRDA:217,10,1,0
BRDA:217,10,2,0
BRDA:233,11,0,0
BRDA:233,11,1,0
BRDA:296,12,0,0
BRDA:296,12,1,0
BRDA:299,13,0,0
BRDA:299,13,1,0
BRDA:317,14,0,0
BRDA:317,14,1,0
BRDA:320,15,0,0
BRDA:320,15,1,0
BRDA:348,16,0,0
BRDA:348,16,1,0
BRF:35
BRH:0
end_of_record
TN:
SF:src\routes\settings.ts
FN:8,(anonymous_0)
FN:16,(anonymous_1)
FN:41,(anonymous_2)
FN:51,(anonymous_3)
FN:61,(anonymous_4)
FN:115,(anonymous_5)
FN:169,(anonymous_6)
FN:195,(anonymous_7)
FN:230,(anonymous_8)
FN:253,(anonymous_9)
FN:277,(anonymous_10)
FN:299,(anonymous_11)
FN:327,(anonymous_12)
FN:350,(anonymous_13)
FNF:14
FNH:0
FNDA:0,(anonymous_0)
FNDA:0,(anonymous_1)
FNDA:0,(anonymous_2)
FNDA:0,(anonymous_3)
FNDA:0,(anonymous_4)
FNDA:0,(anonymous_5)
FNDA:0,(anonymous_6)
FNDA:0,(anonymous_7)
FNDA:0,(anonymous_8)
FNDA:0,(anonymous_9)
FNDA:0,(anonymous_10)
FNDA:0,(anonymous_11)
FNDA:0,(anonymous_12)
FNDA:0,(anonymous_13)
DA:6,0
DA:8,0
DA:9,0
DA:14,0
DA:16,0
DA:17,0
DA:22,0
DA:23,0
DA:32,0
DA:41,0
DA:42,0
DA:43,0
DA:48,0
DA:51,0
DA:52,0
DA:53,0
DA:58,0
DA:61,0
DA:62,0
DA:63,0
DA:64,0
DA:65,0
DA:66,0
DA:72,0
DA:77,0
DA:78,0
DA:83,0
DA:92,0
DA:93,0
DA:99,0
DA:100,0
DA:107,0
DA:108,0
DA:115,0
DA:116,0
DA:117,0
DA:118,0
DA:119,0
DA:120,0
DA:126,0
DA:131,0
DA:132,0
DA:138,0
DA:139,0
DA:140,0
DA:146,0
DA:148,0
DA:155,0
DA:161,0
DA:162,0
DA:169,0
DA:170,0
DA:171,0
DA:181,0
DA:187,0
DA:188,0
DA:195,0
DA:196,0
DA:197,0
DA:199,0
DA:200,0
DA:201,0
DA:202,0
DA:203,0
DA:204,0
DA:205,0
DA:206,0
DA:215,0
DA:222,0
DA:223,0
DA:230,0
DA:231,0
DA:233,0
DA:239,0
DA:245,0
DA:246,0
DA:253,0
DA:254,0
DA:255,0
DA:256,0
DA:262,0
DA:269,0
DA:270,0
DA:277,0
DA:278,0
DA:279,0
DA:285,0
DA:291,0
DA:292,0
DA:299,0
DA:300,0
DA:301,0
DA:302,0
DA:303,0
DA:304,0
DA:305,0
DA:306,0
DA:312,0
DA:319,0
DA:320,0
DA:327,0
DA:328,0
DA:329,0
DA:336,0
DA:342,0
DA:343,0
DA:350,0
DA:351,0
DA:352,0
DA:353,0
DA:354,0
DA:355,0
DA:356,0
DA:357,0
DA:358,0
DA:365,0
DA:372,0
DA:373,0
LF:118
LH:0
BRDA:14,0,0,0
BRDA:14,0,1,0
BRDA:22,1,0,0
BRDA:22,1,1,0
BRDA:42,2,0,0
BRDA:42,2,1,0
BRDA:52,3,0,0
BRDA:52,3,1,0
BRDA:52,4,0,0
BRDA:52,4,1,0
BRDA:65,5,0,0
BRDA:65,5,1,0
BRDA:65,6,0,0
BRDA:65,6,1,0
BRDA:77,7,0,0
BRDA:77,7,1,0
BRDA:77,8,0,0
BRDA:77,8,1,0
BRDA:92,9,0,0
BRDA:92,9,1,0
BRDA:119,10,0,0
BRDA:119,10,1,0
BRDA:119,11,0,0
BRDA:119,11,1,0
BRDA:131,12,0,0
BRDA:131,12,1,0
BRDA:139,13,0,0
BRDA:139,13,1,0
BRDA:172,14,0,0
BRDA:172,14,1,0
BRDA:173,15,0,0
BRDA:173,15,1,0
BRDA:174,16,0,0
BRDA:174,16,1,0
BRDA:175,17,0,0
BRDA:175,17,1,0
BRDA:176,18,0,0
BRDA:176,18,1,0
BRDA:178,19,0,0
BRDA:178,19,1,0
BRDA:179,20,0,0
BRDA:179,20,1,0
BRDA:199,21,0,0
BRDA:199,21,1,0
BRDA:200,22,0,0
BRDA:200,22,1,0
BRDA:201,23,0,0
BRDA:201,23,1,0
BRDA:202,24,0,0
BRDA:202,24,1,0
BRDA:203,25,0,0
BRDA:203,25,1,0
BRDA:204,26,0,0
BRDA:204,26,1,0
BRDA:205,27,0,0
BRDA:205,27,1,0
BRDA:207,28,0,0
BRDA:207,28,1,0
BRDA:208,29,0,0
BRDA:208,29,1,0
BRDA:209,30,0,0
BRDA:209,30,1,0
BRDA:210,31,0,0
BRDA:210,31,1,0
BRDA:211,32,0,0
BRDA:211,32,1,0
BRDA:212,33,0,0
BRDA:212,33,1,0
BRDA:213,34,0,0
BRDA:213,34,1,0
BRDA:257,35,0,0
BRDA:257,35,1,0
BRDA:258,36,0,0
BRDA:258,36,1,0
BRDA:259,37,0,0
BRDA:259,37,1,0
BRDA:260,38,0,0
BRDA:260,38,1,0
BRDA:280,39,0,0
BRDA:280,39,1,0
BRDA:281,40,0,0
BRDA:281,40,1,0
BRDA:282,41,0,0
BRDA:282,41,1,0
BRDA:283,42,0,0
BRDA:283,42,1,0
BRDA:302,43,0,0
BRDA:302,43,1,0
BRDA:303,44,0,0
BRDA:303,44,1,0
BRDA:304,45,0,0
BRDA:304,45,1,0
BRDA:305,46,0,0
BRDA:305,46,1,0
BRDA:307,47,0,0
BRDA:307,47,1,0
BRDA:308,48,0,0
BRDA:308,48,1,0
BRDA:309,49,0,0
BRDA:309,49,1,0
BRDA:310,50,0,0
BRDA:310,50,1,0
BRDA:330,51,0,0
BRDA:330,51,1,0
BRDA:331,52,0,0
BRDA:331,52,1,0
BRDA:332,53,0,0
BRDA:332,53,1,0
BRDA:333,54,0,0
BRDA:333,54,1,0
BRDA:334,55,0,0
BRDA:334,55,1,0
BRDA:353,56,0,0
BRDA:353,56,1,0
BRDA:354,57,0,0
BRDA:354,57,1,0
BRDA:355,58,0,0
BRDA:355,58,1,0
BRDA:356,59,0,0
BRDA:356,59,1,0
BRDA:357,60,0,0
BRDA:357,60,1,0
BRDA:359,61,0,0
BRDA:359,61,1,0
BRDA:360,62,0,0
BRDA:360,62,1,0
BRDA:361,63,0,0
BRDA:361,63,1,0
BRDA:362,64,0,0
BRDA:362,64,1,0
BRDA:363,65,0,0
BRDA:363,65,1,0
BRF:132
BRH:0
end_of_record
TN:
SF:src\routes\students.ts
FN:15,(anonymous_0)
FN:26,(anonymous_1)
FN:38,(anonymous_2)
FN:52,(anonymous_3)
FN:99,(anonymous_4)
FN:149,(anonymous_5)
FN:194,(anonymous_6)
FN:201,(anonymous_7)
FN:269,(anonymous_8)
FN:346,(anonymous_9)
FN:384,(anonymous_10)
FN:413,(anonymous_11)
FN:478,(anonymous_12)
FN:490,(anonymous_13)
FN:491,(anonymous_14)
FN:561,(anonymous_15)
FNF:16
FNH:0
FNDA:0,(anonymous_0)
FNDA:0,(anonymous_1)
FNDA:0,(anonymous_2)
FNDA:0,(anonymous_3)
FNDA:0,(anonymous_4)
FNDA:0,(anonymous_5)
FNDA:0,(anonymous_6)
FNDA:0,(anonymous_7)
FNDA:0,(anonymous_8)
FNDA:0,(anonymous_9)
FNDA:0,(anonymous_10)
FNDA:0,(anonymous_11)
FNDA:0,(anonymous_12)
FNDA:0,(anonymous_13)
FNDA:0,(anonymous_14)
FNDA:0,(anonymous_15)
DA:11,0
DA:13,0
DA:15,0
DA:16,0
DA:17,0
DA:18,0
DA:19,0
DA:21,0
DA:26,0
DA:27,0
DA:28,0
DA:33,0
DA:37,0
DA:38,0
DA:40,0
DA:41,0
DA:46,0
DA:52,0
DA:53,0
DA:54,0
DA:55,0
DA:56,0
DA:57,0
DA:62,0
DA:64,0
DA:65,0
DA:66,0
DA:70,0
DA:72,0
DA:73,0
DA:74,0
DA:75,0
DA:79,0
DA:81,0
DA:88,0
DA:94,0
DA:99,0
DA:100,0
DA:101,0
DA:102,0
DA:103,0
DA:104,0
DA:109,0
DA:111,0
DA:112,0
DA:113,0
DA:117,0
DA:119,0
DA:120,0
DA:121,0
DA:122,0
DA:126,0
DA:128,0
DA:135,0
DA:141,0
DA:142,0
DA:149,0
DA:150,0
DA:151,0
DA:152,0
DA:157,0
DA:158,0
DA:163,0
DA:165,0
DA:177,0
DA:183,0
DA:184,0
DA:191,0
DA:195,0
DA:196,0
DA:197,0
DA:202,0
DA:203,0
DA:204,0
DA:205,0
DA:211,0
DA:216,0
DA:217,0
DA:223,0
DA:224,0
DA:229,0
DA:230,0
DA:237,0
DA:240,0
DA:241,0
DA:254,0
DA:261,0
DA:262,0
DA:269,0
DA:270,0
DA:271,0
DA:272,0
DA:274,0
DA:275,0
DA:280,0
DA:281,0
DA:288,0
DA:291,0
DA:294,0
DA:301,0
DA:302,0
DA:303,0
DA:304,0
DA:305,0
DA:307,0
DA:312,0
DA:313,0
DA:319,0
DA:331,0
DA:338,0
DA:339,0
DA:346,0
DA:347,0
DA:348,0
DA:350,0
DA:354,0
DA:355,0
DA:360,0
DA:364,0
DA:365,0
DA:370,0
DA:376,0
DA:377,0
DA:384,0
DA:385,0
DA:386,0
DA:387,0
DA:388,0
DA:399,0
DA:405,0
DA:406,0
DA:413,0
DA:414,0
DA:415,0
DA:416,0
DA:417,0
DA:418,0
DA:424,0
DA:429,0
DA:430,0
DA:435,0
DA:436,0
DA:444,0
DA:445,0
DA:451,0
DA:463,0
DA:470,0
DA:471,0
DA:478,0
DA:479,0
DA:480,0
DA:481,0
DA:486,0
DA:487,0
DA:488,0
DA:490,0
DA:492,0
DA:493,0
DA:494,0
DA:495,0
DA:496,0
DA:498,0
DA:499,0
DA:500,0
DA:503,0
DA:508,0
DA:509,0
DA:510,0
DA:513,0
DA:514,0
DA:519,0
DA:520,0
DA:521,0
DA:525,0
DA:528,0
DA:529,0
DA:539,0
DA:542,0
DA:543,0
DA:546,0
DA:554,0
DA:555,0
DA:562,0
DA:563,0
DA:570,0
DA:571,0
LF:186
LH:0
BRDA:19,0,0,0
BRDA:19,0,1,0
BRDA:27,1,0,0
BRDA:27,1,1,0
BRDA:40,2,0,0
BRDA:40,2,1,0
BRDA:57,3,0,0
BRDA:57,3,1,0
BRDA:65,4,0,0
BRDA:65,4,1,0
BRDA:66,5,0,0
BRDA:66,5,1,0
BRDA:73,6,0,0
BRDA:73,6,1,0
BRDA:74,7,0,0
BRDA:74,7,1,0
BRDA:104,8,0,0
BRDA:104,8,1,0
BRDA:112,9,0,0
BRDA:112,9,1,0
BRDA:113,10,0,0
BRDA:113,10,1,0
BRDA:120,11,0,0
BRDA:120,11,1,0
BRDA:121,12,0,0
BRDA:121,12,1,0
BRDA:157,13,0,0
BRDA:157,13,1,0
BRDA:167,14,0,0
BRDA:167,14,1,0
BRDA:170,15,0,0
BRDA:170,15,1,0
BRDA:171,16,0,0
BRDA:171,16,1,0
BRDA:173,17,0,0
BRDA:173,17,1,0
BRDA:174,18,0,0
BRDA:174,18,1,0
BRDA:195,19,0,0
BRDA:195,19,1,0
BRDA:195,20,0,0
BRDA:195,20,1,0
BRDA:204,21,0,0
BRDA:204,21,1,0
BRDA:204,22,0,0
BRDA:204,22,1,0
BRDA:204,22,2,0
BRDA:216,23,0,0
BRDA:216,23,1,0
BRDA:223,24,0,0
BRDA:223,24,1,0
BRDA:229,25,0,0
BRDA:229,25,1,0
BRDA:237,26,0,0
BRDA:237,26,1,0
BRDA:240,27,0,0
BRDA:240,27,1,0
BRDA:274,28,0,0
BRDA:274,28,1,0
BRDA:280,29,0,0
BRDA:280,29,1,0
BRDA:288,30,0,0
BRDA:288,30,1,0
BRDA:291,31,0,0
BRDA:291,31,1,0
BRDA:292,32,0,0
BRDA:292,32,1,0
BRDA:301,33,0,0
BRDA:301,33,1,0
BRDA:303,34,0,0
BRDA:303,34,1,0
BRDA:312,35,0,0
BRDA:312,35,1,0
BRDA:321,36,0,0
BRDA:321,36,1,0
BRDA:324,37,0,0
BRDA:324,37,1,0
BRDA:325,38,0,0
BRDA:325,38,1,0
BRDA:327,39,0,0
BRDA:327,39,1,0
BRDA:328,40,0,0
BRDA:328,40,1,0
BRDA:354,41,0,0
BRDA:354,41,1,0
BRDA:364,42,0,0
BRDA:364,42,1,0
BRDA:387,43,0,0
BRDA:387,44,0,0
BRDA:417,45,0,0
BRDA:417,45,1,0
BRDA:429,46,0,0
BRDA:429,46,1,0
BRDA:444,47,0,0
BRDA:444,47,1,0
BRDA:453,48,0,0
BRDA:453,48,1,0
BRDA:456,49,0,0
BRDA:456,49,1,0
BRDA:457,50,0,0
BRDA:457,50,1,0
BRDA:459,51,0,0
BRDA:459,51,1,0
BRDA:460,52,0,0
BRDA:460,52,1,0
BRDA:480,53,0,0
BRDA:480,53,1,0
BRDA:498,54,0,0
BRDA:498,54,1,0
BRDA:498,55,0,0
BRDA:498,55,1,0
BRDA:498,55,2,0
BRDA:508,56,0,0
BRDA:508,56,1,0
BRDA:513,57,0,0
BRDA:513,57,1,0
BRDA:519,58,0,0
BRDA:519,58,1,0
BRDA:525,59,0,0
BRDA:525,59,1,0
BRDA:528,60,0,0
BRDA:528,60,1,0
BRDA:532,61,0,0
BRDA:532,61,1,0
BRDA:533,62,0,0
BRDA:533,62,1,0
BRDA:534,63,0,0
BRDA:534,63,1,0
BRF:128
BRH:0
end_of_record
TN:
SF:src\routes\subjects.ts
FN:8,(anonymous_0)
FN:28,(anonymous_1)
FN:56,(anonymous_2)
FN:100,(anonymous_3)
FN:152,(anonymous_4)
FNF:5
FNH:0
FNDA:0,(anonymous_0)
FNDA:0,(anonymous_1)
FNDA:0,(anonymous_2)
FNDA:0,(anonymous_3)
FNDA:0,(anonymous_4)
DA:6,0
DA:8,0
DA:9,0
DA:10,0
DA:14,0
DA:20,0
DA:21,0
DA:28,0
DA:29,0
DA:30,0
DA:31,0
DA:36,0
DA:37,0
DA:42,0
DA:48,0
DA:49,0
DA:56,0
DA:57,0
DA:58,0
DA:59,0
DA:60,0
DA:66,0
DA:71,0
DA:72,0
DA:77,0
DA:85,0
DA:92,0
DA:93,0
DA:100,0
DA:101,0
DA:102,0
DA:103,0
DA:104,0
DA:105,0
DA:111,0
DA:116,0
DA:117,0
DA:122,0
DA:131,0
DA:132,0
DA:137,0
DA:144,0
DA:145,0
DA:152,0
DA:153,0
DA:154,0
DA:155,0
DA:159,0
DA:160,0
DA:165,0
DA:171,0
DA:172,0
LF:52
LH:0
BRDA:36,0,0,0
BRDA:36,0,1,0
BRDA:59,1,0,0
BRDA:59,1,1,0
BRDA:59,2,0,0
BRDA:59,2,1,0
BRDA:71,3,0,0
BRDA:71,3,1,0
BRDA:104,4,0,0
BRDA:104,4,1,0
BRDA:104,5,0,0
BRDA:104,5,1,0
BRDA:116,6,0,0
BRDA:116,6,1,0
BRDA:116,7,0,0
BRDA:116,7,1,0
BRDA:131,8,0,0
BRDA:131,8,1,0
BRDA:159,9,0,0
BRDA:159,9,1,0
BRF:20
BRH:0
end_of_record
TN:
SF:src\routes\users.ts
FN:7,(anonymous_0)
FN:25,(anonymous_1)
FN:53,(anonymous_2)
FN:107,(anonymous_3)
FN:172,(anonymous_4)
FNF:5
FNH:0
FNDA:0,(anonymous_0)
FNDA:0,(anonymous_1)
FNDA:0,(anonymous_2)
FNDA:0,(anonymous_3)
FNDA:0,(anonymous_4)
DA:5,0
DA:7,0
DA:9,0
DA:10,0
DA:15,0
DA:16,0
DA:17,0
DA:20,0
DA:21,0
DA:25,0
DA:27,0
DA:28,0
DA:33,0
DA:34,0
DA:35,0
DA:40,0
DA:41,0
DA:45,0
DA:48,0
DA:49,0
DA:53,0
DA:55,0
DA:56,0
DA:61,0
DA:62,0
DA:63,0
DA:64,0
DA:68,0
DA:69,0
DA:72,0
DA:77,0
DA:78,0
DA:83,0
DA:84,0
DA:85,0
DA:98,0
DA:99,0
DA:102,0
DA:103,0
DA:107,0
DA:109,0
DA:110,0
DA:115,0
DA:116,0
DA:117,0
DA:118,0
DA:119,0
DA:124,0
DA:125,0
DA:128,0
DA:133,0
DA:134,0
DA:139,0
DA:144,0
DA:145,0
DA:149,0
DA:163,0
DA:164,0
DA:167,0
DA:168,0
DA:172,0
DA:174,0
DA:175,0
DA:180,0
DA:181,0
DA:183,0
DA:184,0
DA:189,0
DA:194,0
DA:195,0
DA:199,0
DA:200,0
DA:203,0
DA:204,0
LF:74
LH:0
BRDA:9,0,0,0
BRDA:9,0,1,0
BRDA:9,1,0,0
BRDA:9,1,1,0
BRDA:27,2,0,0
BRDA:27,2,1,0
BRDA:27,3,0,0
BRDA:27,3,1,0
BRDA:40,4,0,0
BRDA:40,4,1,0
BRDA:55,5,0,0
BRDA:55,5,1,0
BRDA:55,6,0,0
BRDA:55,6,1,0
BRDA:63,7,0,0
BRDA:63,7,1,0
BRDA:63,8,0,0
BRDA:63,8,1,0
BRDA:63,8,2,0
BRDA:63,8,3,0
BRDA:68,9,0,0
BRDA:68,9,1,0
BRDA:77,10,0,0
BRDA:77,10,1,0
BRDA:109,11,0,0
BRDA:109,11,1,0
BRDA:109,12,0,0
BRDA:109,12,1,0
BRDA:118,13,0,0
BRDA:118,13,1,0
BRDA:118,14,0,0
BRDA:118,14,1,0
BRDA:118,14,2,0
BRDA:124,15,0,0
BRDA:124,15,1,0
BRDA:133,16,0,0
BRDA:133,16,1,0
BRDA:144,17,0,0
BRDA:144,17,1,0
BRDA:144,18,0,0
BRDA:144,18,1,0
BRDA:174,19,0,0
BRDA:174,19,1,0
BRDA:174,20,0,0
BRDA:174,20,1,0
BRDA:183,21,0,0
BRDA:183,21,1,0
BRDA:194,22,0,0
BRDA:194,22,1,0
BRF:49
BRH:0
end_of_record
TN:
SF:src\services\aiAnalytics.ts
FNF:0
FNH:0
LF:0
LH:0
BRF:0
BRH:0
end_of_record
TN:
SF:src\services\alertingService.ts
FN:5,(anonymous_0)
FN:20,(anonymous_1)
FN:30,(anonymous_2)
FN:80,(anonymous_3)
FN:92,(anonymous_4)
FN:119,(anonymous_5)
FN:134,(anonymous_6)
FN:157,(anonymous_7)
FN:180,(anonymous_8)
FN:207,(anonymous_9)
FN:211,(anonymous_10)
FN:215,(anonymous_11)
FN:226,(anonymous_12)
FN:233,(anonymous_13)
FN:237,(anonymous_14)
FN:249,(anonymous_15)
FNF:16
FNH:0
FNDA:0,(anonymous_0)
FNDA:0,(anonymous_1)
FNDA:0,(anonymous_2)
FNDA:0,(anonymous_3)
FNDA:0,(anonymous_4)
FNDA:0,(anonymous_5)
FNDA:0,(anonymous_6)
FNDA:0,(anonymous_7)
FNDA:0,(anonymous_8)
FNDA:0,(anonymous_9)
FNDA:0,(anonymous_10)
FNDA:0,(anonymous_11)
FNDA:0,(anonymous_12)
FNDA:0,(anonymous_13)
FNDA:0,(anonymous_14)
FNDA:0,(anonymous_15)
DA:4,0
DA:7,0
DA:21,0
DA:22,0
DA:23,0
DA:25,0
DA:26,0
DA:27,0
DA:28,0
DA:30,0
DA:31,0
DA:32,0
DA:33,0
DA:35,0
DA:51,0
DA:52,0
DA:53,0
DA:54,0
DA:62,0
DA:63,0
DA:64,0
DA:67,0
DA:71,0
DA:74,0
DA:75,0
DA:77,0
DA:81,0
DA:82,0
DA:83,0
DA:85,0
DA:88,0
DA:89,0
DA:90,0
DA:92,0
DA:93,0
DA:94,0
DA:95,0
DA:97,0
DA:98,0
DA:99,0
DA:100,0
DA:101,0
DA:102,0
DA:103,0
DA:106,0
DA:110,0
DA:113,0
DA:114,0
DA:116,0
DA:120,0
DA:121,0
DA:131,0
DA:135,0
DA:136,0
DA:148,0
DA:158,0
DA:159,0
DA:173,0
DA:176,0
DA:177,0
DA:178,0
DA:180,0
DA:181,0
DA:182,0
DA:183,0
DA:185,0
DA:186,0
DA:187,0
DA:188,0
DA:189,0
DA:190,0
DA:191,0
DA:194,0
DA:198,0
DA:201,0
DA:202,0
DA:204,0
DA:208,0
DA:212,0
DA:216,0
DA:217,0
DA:218,0
DA:219,0
DA:221,0
DA:227,0
DA:228,0
DA:229,0
DA:230,0
DA:231,0
DA:234,0
DA:238,0
DA:239,0
DA:240,0
DA:241,0
DA:247,0
DA:249,0
DA:250,0
LF:97
LH:0
BRDA:10,0,0,0
BRDA:10,0,1,0
BRDA:21,1,0,0
BRDA:21,1,1,0
BRDA:25,2,0,0
BRDA:25,2,1,0
BRDA:26,3,0,0
BRDA:26,3,1,0
BRDA:31,4,0,0
BRDA:31,4,1,0
BRDA:39,5,0,0
BRDA:39,5,1,0
BRDA:40,6,0,0
BRDA:40,6,1,0
BRDA:41,7,0,0
BRDA:41,7,1,0
BRDA:42,8,0,0
BRDA:42,8,1,0
BRDA:49,9,0,0
BRDA:49,9,1,0
BRDA:62,10,0,0
BRDA:62,10,1,0
BRDA:74,11,0,0
BRDA:74,11,1,0
BRDA:81,12,0,0
BRDA:81,12,1,0
BRDA:88,13,0,0
BRDA:88,13,1,0
BRDA:93,14,0,0
BRDA:93,14,1,0
BRDA:101,15,0,0
BRDA:101,15,1,0
BRDA:113,16,0,0
BRDA:113,16,1,0
BRDA:129,17,0,0
BRDA:129,17,1,0
BRDA:146,18,0,0
BRDA:146,18,1,0
BRDA:164,19,0,0
BRDA:164,19,1,0
BRDA:165,20,0,0
BRDA:165,20,1,0
BRDA:166,21,0,0
BRDA:166,21,1,0
BRDA:167,22,0,0
BRDA:167,22,1,0
BRDA:176,23,0,0
BRDA:176,23,1,0
BRDA:181,24,0,0
BRDA:181,24,1,0
BRDA:189,25,0,0
BRDA:189,25,1,0
BRDA:201,26,0,0
BRDA:201,26,1,0
BRDA:216,27,0,0
BRDA:216,27,1,0
BRDA:217,28,0,0
BRDA:217,28,1,0
BRDA:228,29,0,0
BRDA:228,29,1,0
BRDA:240,30,0,0
BRDA:240,30,1,0
BRF:62
BRH:0
end_of_record
TN:
SF:src\services\attendanceMonitor.ts
FN:11,(anonymous_0)
FN:85,(anonymous_1)
FN:145,(anonymous_2)
FN:163,(anonymous_3)
FN:176,(anonymous_4)
FN:184,(anonymous_5)
FN:188,(anonymous_6)
FN:190,(anonymous_7)
FN:210,(anonymous_8)
FN:236,(anonymous_9)
FN:249,(anonymous_10)
FN:269,(anonymous_11)
FN:280,(anonymous_12)
FN:293,(anonymous_13)
FN:294,(anonymous_14)
FN:295,(anonymous_15)
FN:297,(anonymous_16)
FN:305,(anonymous_17)
FN:311,(anonymous_18)
FN:328,(anonymous_19)
FN:331,(anonymous_20)
FN:332,(anonymous_21)
FN:341,(anonymous_22)
FN:347,(anonymous_23)
FNF:24
FNH:0
FNDA:0,(anonymous_0)
FNDA:0,(anonymous_1)
FNDA:0,(anonymous_2)
FNDA:0,(anonymous_3)
FNDA:0,(anonymous_4)
FNDA:0,(anonymous_5)
FNDA:0,(anonymous_6)
FNDA:0,(anonymous_7)
FNDA:0,(anonymous_8)
FNDA:0,(anonymous_9)
FNDA:0,(anonymous_10)
FNDA:0,(anonymous_11)
FNDA:0,(anonymous_12)
FNDA:0,(anonymous_13)
FNDA:0,(anonymous_14)
FNDA:0,(anonymous_15)
FNDA:0,(anonymous_16)
FNDA:0,(anonymous_17)
FNDA:0,(anonymous_18)
FNDA:0,(anonymous_19)
FNDA:0,(anonymous_20)
FNDA:0,(anonymous_21)
FNDA:0,(anonymous_22)
FNDA:0,(anonymous_23)
DA:6,0
DA:7,0
DA:8,0
DA:9,0
DA:10,0
DA:12,0
DA:14,0
DA:16,0
DA:21,0
DA:22,0
DA:23,0
DA:25,0
DA:27,0
DA:28,0
DA:29,0
DA:30,0
DA:32,0
DA:40,0
DA:43,0
DA:44,0
DA:45,0
DA:47,0
DA:48,0
DA:54,0
DA:59,0
DA:61,0
DA:65,0
DA:73,0
DA:74,0
DA:81,0
DA:82,0
DA:86,0
DA:88,0
DA:89,0
DA:90,0
DA:91,0
DA:92,0
DA:95,0
DA:96,0
DA:97,0
DA:99,0
DA:100,0
DA:106,0
DA:107,0
DA:112,0
DA:113,0
DA:116,0
DA:121,0
DA:122,0
DA:125,0
DA:133,0
DA:141,0
DA:142,0
DA:147,0
DA:148,0
DA:150,0
DA:161,0
DA:164,0
DA:165,0
DA:171,0
DA:173,0
DA:175,0
DA:176,0
DA:178,0
DA:179,0
DA:181,0
DA:182,0
DA:185,0
DA:186,0
DA:188,0
DA:191,0
DA:205,0
DA:207,0
DA:208,0
DA:211,0
DA:212,0
DA:213,0
DA:215,0
DA:216,0
DA:217,0
DA:218,0
DA:220,0
DA:221,0
DA:224,0
DA:227,0
DA:228,0
DA:232,0
DA:234,0
DA:238,0
DA:247,0
DA:251,0
DA:252,0
DA:253,0
DA:254,0
DA:255,0
DA:258,0
DA:267,0
DA:271,0
DA:281,0
DA:283,0
DA:284,0
DA:285,0
DA:287,0
DA:291,0
DA:293,0
DA:294,0
DA:295,0
DA:297,0
DA:301,0
DA:302,0
DA:306,0
DA:307,0
DA:308,0
DA:310,0
DA:311,0
DA:312,0
DA:313,0
DA:316,0
DA:320,0
DA:321,0
DA:322,0
DA:325,0
DA:329,0
DA:331,0
DA:332,0
DA:338,0
DA:342,0
DA:347,0
DA:353,0
DA:356,0
LF:130
LH:0
BRDA:21,0,0,0
BRDA:21,0,1,0
BRDA:29,1,0,0
BRDA:29,1,1,0
BRDA:45,2,0,0
BRDA:45,2,1,0
BRDA:45,3,0,0
BRDA:45,3,1,0
BRDA:59,4,0,0
BRDA:59,4,1,0
BRDA:90,5,0,0
BRDA:90,5,1,0
BRDA:96,6,0,0
BRDA:96,6,1,0
BRDA:112,7,0,0
BRDA:112,7,1,0
BRDA:121,8,0,0
BRDA:121,8,1,0
BRDA:130,9,0,0
BRDA:130,9,1,0
BRDA:161,10,0,0
BRDA:161,10,1,0
BRDA:171,11,0,0
BRDA:171,11,1,0
BRDA:178,12,0,0
BRDA:178,12,1,0
BRDA:185,13,0,0
BRDA:185,13,1,0
BRDA:196,14,0,0
BRDA:196,14,1,0
BRDA:197,15,0,0
BRDA:197,15,1,0
BRDA:198,16,0,0
BRDA:198,16,1,0
BRDA:199,17,0,0
BRDA:199,17,1,0
BRDA:200,18,0,0
BRDA:200,18,1,0
BRDA:200,18,2,0
BRDA:201,19,0,0
BRDA:201,19,1,0
BRDA:201,20,0,0
BRDA:201,20,1,0
BRDA:202,21,0,0
BRDA:202,21,1,0
BRDA:212,22,0,0
BRDA:212,22,1,0
BRDA:215,23,0,0
BRDA:215,23,1,0
BRDA:217,24,0,0
BRDA:217,24,1,0
BRDA:220,25,0,0
BRDA:220,25,1,0
BRDA:225,26,0,0
BRDA:225,26,1,0
BRDA:225,26,2,0
BRDA:225,26,3,0
BRDA:252,27,0,0
BRDA:252,27,1,0
BRDA:255,28,0,0
BRDA:255,28,1,0
BRDA:259,29,0,0
BRDA:259,29,1,0
BRDA:284,30,0,0
BRDA:284,30,1,0
BRDA:295,31,0,0
BRDA:295,31,1,0
BRDA:297,32,0,0
BRDA:297,32,1,0
BRDA:312,33,0,0
BRDA:312,33,1,0
BRDA:321,34,0,0
BRDA:321,34,1,0
BRF:73
BRH:0
end_of_record
TN:
SF:src\services\auditService.ts
FNF:0
FNH:0
LF:0
LH:0
BRF:0
BRH:0
end_of_record
TN:
SF:src\services\authService.ts
FN:2,(anonymous_0)
FN:21,(anonymous_1)
FN:29,(anonymous_2)
FN:32,(anonymous_3)
FN:36,(anonymous_4)
FN:44,(anonymous_5)
FN:51,(anonymous_6)
FN:59,(anonymous_7)
FN:68,(anonymous_8)
FN:90,(anonymous_9)
FN:98,(anonymous_10)
FN:106,(anonymous_11)
FN:116,(anonymous_12)
FN:126,(anonymous_13)
FN:154,(anonymous_14)
FN:168,(anonymous_15)
FN:182,(anonymous_16)
FN:190,(anonymous_17)
FN:207,(anonymous_18)
FN:214,(anonymous_19)
FN:219,(anonymous_20)
FN:224,(anonymous_21)
FN:247,(anonymous_22)
FN:260,(anonymous_23)
FN:274,(anonymous_24)
FN:284,(anonymous_25)
FNF:26
FNH:20
FNDA:5,(anonymous_0)
FNDA:1,(anonymous_1)
FNDA:2,(anonymous_2)
FNDA:1,(anonymous_3)
FNDA:1,(anonymous_4)
FNDA:1,(anonymous_5)
FNDA:2,(anonymous_6)
FNDA:0,(anonymous_7)
FNDA:1,(anonymous_8)
FNDA:2,(anonymous_9)
FNDA:1,(anonymous_10)
FNDA:1,(anonymous_11)
FNDA:2,(anonymous_12)
FNDA:2,(anonymous_13)
FNDA:1,(anonymous_14)
FNDA:1,(anonymous_15)
FNDA:1,(anonymous_16)
FNDA:1,(anonymous_17)
FNDA:0,(anonymous_18)
FNDA:0,(anonymous_19)
FNDA:0,(anonymous_20)
FNDA:2,(anonymous_21)
FNDA:1,(anonymous_22)
FNDA:0,(anonymous_23)
FNDA:0,(anonymous_24)
FNDA:1,(anonymous_25)
DA:2,1
DA:3,5
DA:5,1
DA:6,1
DA:7,1
DA:8,1
DA:9,1
DA:10,1
DA:11,1
DA:12,1
DA:13,1
DA:14,1
DA:18,1
DA:19,1
DA:20,1
DA:22,1
DA:24,1
DA:30,2
DA:33,1
DA:37,1
DA:45,1
DA:52,2
DA:53,2
DA:56,1
DA:60,0
DA:61,0
DA:64,0
DA:69,1
DA:73,1
DA:80,1
DA:81,1
DA:82,8
DA:84,1
DA:91,2
DA:92,2
DA:95,1
DA:99,1
DA:107,1
DA:108,1
DA:110,1
DA:111,1
DA:113,0
DA:117,2
DA:118,2
DA:120,2
DA:124,1
DA:127,2
DA:128,2
DA:134,2
DA:135,1
DA:137,1
DA:138,1
DA:150,0
DA:151,0
DA:155,1
DA:156,1
DA:164,0
DA:165,0
DA:169,1
DA:170,1
DA:178,0
DA:179,0
DA:183,1
DA:184,1
DA:190,1
DA:202,0
DA:203,0
DA:210,0
DA:212,0
DA:217,0
DA:221,0
DA:225,2
DA:226,2
DA:227,1
DA:229,2
DA:230,1
DA:232,2
DA:233,0
DA:235,2
DA:236,1
DA:238,2
DA:239,1
DA:241,2
DA:248,1
DA:249,1
DA:257,1
DA:262,0
DA:270,0
DA:281,0
DA:285,1
DA:289,1
DA:292,1
LF:92
LH:72
BRDA:2,0,0,1
BRDA:2,0,1,1
BRDA:2,0,2,1
BRDA:3,1,0,0
BRDA:3,1,1,5
BRDA:3,2,0,5
BRDA:3,2,1,5
BRDA:23,3,0,1
BRDA:23,3,1,1
BRDA:25,4,0,1
BRDA:25,4,1,1
BRDA:108,5,0,1
BRDA:108,5,1,0
BRDA:122,6,0,2
BRDA:122,6,1,2
BRDA:134,7,0,1
BRDA:134,7,1,1
BRDA:142,8,0,1
BRDA:142,8,1,0
BRDA:146,9,0,1
BRDA:146,9,1,0
BRDA:194,10,0,1
[...]
BRDA:177,16,0,0
BRDA:177,16,1,0
BRF:38
BRH:14
end_of_record
TN:
SF:src\services\iot-device-manager\iotDeviceDiscovery.ts
FN:2,(anonymous_0)
FN:6,(anonymous_1)
FN:9,(anonymous_2)
FN:13,(anonymous_3)
FN:15,(anonymous_4)
FN:18,(anonymous_5)
FN:19,(anonymous_6)
FN:20,(anonymous_7)
FN:27,(anonymous_8)
FN:43,(anonymous_9)
FN:55,(anonymous_10)
FN:66,(anonymous_11)
FN:72,(anonymous_12)
FN:78,(anonymous_13)
FN:87,(anonymous_14)
FN:102,(anonymous_15)
FN:115,(anonymous_16)
FN:123,(anonymous_17)
FN:126,(anonymous_18)
FN:150,(anonymous_19)
FN:155,(anonymous_20)
FN:165,(anonymous_21)
FN:167,(anonymous_22)
FNF:23
FNH:5
FNDA:1,(anonymous_0)
FNDA:0,(anonymous_1)
FNDA:0,(anonymous_2)
FNDA:1,(anonymous_3)
FNDA:0,(anonymous_4)
FNDA:1,(anonymous_5)
FNDA:1,(anonymous_6)
FNDA:0,(anonymous_7)
FNDA:1,(anonymous_8)
FNDA:0,(anonymous_9)
FNDA:0,(anonymous_10)
FNDA:0,(anonymous_11)
FNDA:0,(anonymous_12)
FNDA:0,(anonymous_13)
FNDA:0,(anonymous_14)
FNDA:0,(anonymous_15)
FNDA:0,(anonymous_16)
FNDA:0,(anonymous_17)
FNDA:0,(anonymous_18)
FNDA:0,(anonymous_19)
FNDA:0,(anonymous_20)
FNDA:0,(anonymous_21)
FNDA:0,(anonymous_22)
DA:2,1
DA:3,1
DA:4,1
DA:5,1
DA:6,1
DA:8,1
DA:10,0
DA:11,0
DA:13,1
DA:14,1
DA:16,0
DA:18,1
DA:19,1
DA:20,1
DA:21,0
DA:22,0
DA:23,0
DA:25,1
DA:27,1
DA:28,1
DA:29,1
DA:30,1
DA:31,1
DA:32,1
DA:35,1
DA:36,1
DA:37,1
DA:38,1
DA:40,1
DA:42,1
DA:44,0
DA:45,0
DA:47,0
DA:48,0
DA:49,0
DA:51,0
DA:52,0
DA:54,0
DA:55,0
DA:56,0
DA:57,0
DA:58,0
DA:59,0
DA:66,0
DA:67,0
DA:70,0
DA:72,0
DA:75,0
DA:79,0
DA:80,0
DA:81,0
DA:82,0
DA:87,0
DA:88,0
DA:94,0
DA:99,0
DA:100,0
DA:103,0
DA:112,0
DA:113,0
DA:116,0
DA:117,0
DA:118,0
DA:120,0
DA:121,0
DA:124,0
DA:127,0
DA:128,0
DA:129,0
DA:131,0
DA:132,0
DA:143,0
DA:146,0
DA:147,0
DA:153,0
DA:156,0
DA:157,0
DA:158,0
DA:159,0
DA:160,0
DA:163,0
DA:167,0
DA:168,0
DA:172,1
DA:173,1
LF:85
LH:26
BRDA:2,0,0,1
BRDA:2,0,1,1
BRDA:2,0,2,1
BRDA:2,1,0,1
BRDA:2,1,1,0
BRDA:3,2,0,1
BRDA:3,2,1,0
BRDA:5,3,0,1
BRDA:5,3,1,0
BRDA:5,4,0,1
BRDA:5,4,1,1
BRDA:5,5,0,0
BRDA:5,5,1,1
BRDA:5,6,0,1
BRDA:5,6,1,0
BRDA:10,7,0,0
BRDA:10,7,1,0
BRDA:13,8,0,1
BRDA:13,8,1,1
BRDA:13,8,2,1
BRDA:13,9,0,1
BRDA:13,9,1,0
BRDA:18,10,0,1
BRDA:18,10,1,1
BRDA:18,10,2,1
BRDA:20,11,0,1
BRDA:20,11,1,0
BRDA:22,12,0,0
BRDA:22,12,1,0
BRDA:28,13,0,0
BRDA:28,13,1,1
BRDA:28,14,0,1
BRDA:28,14,1,1
BRDA:30,15,0,1
BRDA:30,15,1,0
BRDA:30,16,0,1
BRDA:30,16,1,0
BRDA:43,17,0,0
BRDA:44,18,0,0
BRDA:44,18,1,0
BRDA:58,19,0,0
BRDA:58,19,1,0
BRDA:88,20,0,0
BRDA:88,20,1,0
BRDA:109,21,0,0
BRDA:109,21,1,0
BRDA:113,22,0,0
BRDA:113,22,1,0
BRDA:116,23,0,0
BRDA:116,23,1,0
BRDA:128,24,0,0
BRDA:128,24,1,0
BRDA:128,25,0,0
BRDA:128,25,1,0
BRDA:135,26,0,0
BRDA:135,26,1,0
BRDA:159,27,0,0
BRDA:159,27,1,0
BRF:58
BRH:23
end_of_record
TN:
SF:src\services\iot-device-manager\iotDeviceHealth.ts
FN:8,(anonymous_0)
FN:35,(anonymous_1)
FN:38,(anonymous_2)
FN:41,(anonymous_3)
FN:63,(anonymous_4)
FN:102,(anonymous_5)
FN:104,(anonymous_6)
FNF:7
FNH:1
FNDA:1,(anonymous_0)
FNDA:0,(anonymous_1)
FNDA:0,(anonymous_2)
FNDA:0,(anonymous_3)
FNDA:0,(anonymous_4)
FNDA:0,(anonymous_5)
FNDA:0,(anonymous_6)
DA:2,1
DA:3,1
DA:4,1
DA:5,1
DA:7,1
DA:9,1
DA:11,1
DA:12,1
DA:13,0
DA:17,1
DA:27,1
DA:28,1
DA:31,0
DA:32,0
DA:36,0
DA:39,0
DA:42,0
DA:43,0
DA:44,0
DA:45,0
DA:46,0
DA:47,0
DA:48,0
DA:49,0
DA:51,0
DA:54,0
DA:57,0
DA:61,0
DA:64,0
DA:65,0
DA:66,0
DA:67,0
DA:68,0
DA:75,0
DA:76,0
DA:83,0
DA:84,0
DA:91,0
DA:92,0
DA:100,0
DA:104,0
DA:105,0
DA:109,1
DA:110,1
LF:44
LH:13
BRDA:12,0,0,0
BRDA:12,0,1,1
BRDA:36,1,0,0
BRDA:36,1,1,0
BRDA:48,2,0,0
BRDA:48,2,1,0
BRDA:51,3,0,0
BRDA:51,3,1,0
BRDA:51,4,0,0
BRDA:51,4,1,0
BRDA:51,4,2,0
BRDA:51,4,3,0
BRDA:67,5,0,0
BRDA:67,5,1,0
BRDA:75,6,0,0
BRDA:75,6,1,0
BRDA:83,7,0,0
BRDA:83,7,1,0
BRDA:83,8,0,0
BRDA:83,8,1,0
BRDA:91,9,0,0
BRDA:91,9,1,0
BRF:22
BRH:1
end_of_record
TN:
SF:src\services\iot-device-manager\iotDeviceHeartbeat.ts
FN:8,(anonymous_0)
FN:25,(anonymous_1)
FN:39,(anonymous_2)
FN:46,(anonymous_3)
FN:48,(anonymous_4)
FN:50,(anonymous_5)
FNF:6
FNH:0
FNDA:0,(anonymous_0)
FNDA:0,(anonymous_1)
FNDA:0,(anonymous_2)
FNDA:0,(anonymous_3)
FNDA:0,(anonymous_4)
FNDA:0,(anonymous_5)
DA:2,1
DA:3,1
DA:4,1
DA:5,1
DA:6,1
DA:9,0
DA:10,0
DA:19,0
DA:22,0
DA:26,0
DA:27,0
DA:35,0
DA:36,0
DA:40,0
DA:41,0
DA:42,0
DA:43,0
DA:45,0
DA:46,0
DA:48,0
DA:50,0
DA:52,0
DA:66,0
DA:67,0
DA:71,1
DA:72,1
LF:26
LH:7
BRDA:17,0,0,0
BRDA:17,0,1,0
BRDA:25,1,0,0
BRDA:42,2,0,0
BRDA:42,2,1,0
BRDA:46,3,0,0
BRDA:46,3,1,0
BRDA:48,4,0,0
BRDA:48,4,1,0
BRDA:50,5,0,0
BRDA:50,5,1,0
BRF:11
BRH:0
end_of_record
TN:
SF:src\services\iot-device-manager\iotDeviceRegistry.ts
FN:2,(anonymous_0)
FN:6,(anonymous_1)
FN:9,(anonymous_2)
FN:13,(anonymous_3)
FN:15,(anonymous_4)
FN:18,(anonymous_5)
FN:19,(anonymous_6)
FN:20,(anonymous_7)
FN:27,(anonymous_8)
FN:43,(anonymous_9)
FN:69,(anonymous_10)
FN:92,(anonymous_11)
FN:120,(anonymous_12)
FN:152,(anonymous_13)
FN:177,(anonymous_14)
FN:201,(anonymous_15)
FN:212,(anonymous_16)
FN:223,(anonymous_17)
FN:230,(anonymous_18)
FN:238,(anonymous_19)
FN:239,(anonymous_20)
FNF:21
FNH:13
FNDA:1,(anonymous_0)
FNDA:0,(anonymous_1)
FNDA:0,(anonymous_2)
FNDA:1,(anonymous_3)
FNDA:0,(anonymous_4)
FNDA:1,(anonymous_5)
FNDA:1,(anonymous_6)
FNDA:0,(anonymous_7)
FNDA:1,(anonymous_8)
FNDA:3,(anonymous_9)
FNDA:1,(anonymous_10)
FNDA:2,(anonymous_11)
FNDA:2,(anonymous_12)
FNDA:0,(anonymous_13)
FNDA:1,(anonymous_14)
FNDA:1,(anonymous_15)
FNDA:0,(anonymous_16)
FNDA:1,(anonymous_17)
FNDA:0,(anonymous_18)
FNDA:1,(anonymous_19)
FNDA:0,(anonymous_20)
DA:2,1
DA:3,1
DA:4,1
DA:5,1
DA:6,1
DA:8,1
DA:10,0
DA:11,0
DA:13,1
DA:14,1
DA:16,0
DA:18,1
DA:19,1
DA:20,1
DA:21,0
DA:22,0
DA:23,0
DA:25,1
DA:27,1
DA:28,1
DA:29,1
DA:30,1
DA:31,1
DA:32,1
DA:35,1
DA:36,1
DA:37,1
DA:38,1
DA:39,1
DA:40,1
DA:42,1
DA:44,3
DA:46,3
DA:51,2
DA:53,1
DA:64,1
DA:65,1
DA:69,1
DA:70,1
DA:72,1
DA:83,1
DA:84,1
DA:88,1
DA:89,1
DA:93,2
DA:94,2
DA:96,2
DA:103,2
DA:112,2
DA:114,2
DA:117,0
DA:122,2
DA:123,2
DA:125,2
DA:128,0
DA:129,0
DA:134,0
DA:135,0
DA:136,0
DA:143,0
DA:144,0
DA:148,0
DA:150,0
DA:153,0
DA:155,0
DA:156,0
DA:157,0
DA:159,0
DA:160,0
DA:169,0
DA:170,0
DA:173,0
DA:174,0
DA:178,1
DA:180,1
DA:181,1
DA:182,0
DA:184,1
DA:185,1
DA:193,1
DA:194,1
DA:197,0
DA:198,0
DA:202,1
DA:203,1
DA:204,1
DA:207,1
DA:210,1
DA:213,0
DA:215,0
DA:216,0
DA:217,0
DA:218,0
DA:221,0
DA:224,1
DA:225,1
DA:226,1
DA:231,0
DA:232,0
DA:233,0
DA:239,1
DA:240,0
DA:244,1
DA:245,1
LF:104
LH:65
BRDA:2,0,0,1
BRDA:2,0,1,1
BRDA:2,0,2,1
BRDA:2,1,0,1
BRDA:2,1,1,0
BRDA:3,2,0,1
BRDA:3,2,1,0
BRDA:5,3,0,1
BRDA:5,3,1,0
BRDA:5,4,0,1
BRDA:5,4,1,1
BRDA:5,5,0,0
BRDA:5,5,1,1
BRDA:5,6,0,1
BRDA:5,6,1,0
BRDA:10,7,0,0
BRDA:10,7,1,0
BRDA:13,8,0,1
BRDA:13,8,1,1
BRDA:13,8,2,1
BRDA:13,9,0,1
BRDA:13,9,1,0
BRDA:18,10,0,1
BRDA:18,10,1,1
BRDA:18,10,2,1
BRDA:20,11,0,1
BRDA:20,11,1,0
BRDA:22,12,0,0
BRDA:22,12,1,0
BRDA:28,13,0,0
BRDA:28,13,1,1
BRDA:28,14,0,1
BRDA:28,14,1,1
BRDA:30,15,0,1
BRDA:30,15,1,0
BRDA:30,16,0,1
BRDA:30,16,1,0
BRDA:51,17,0,1
BRDA:51,17,1,1
BRDA:123,18,0,2
BRDA:123,18,1,0
BRDA:123,19,0,2
BRDA:123,19,1,2
BRDA:134,20,0,0
BRDA:134,20,1,0
BRDA:139,21,0,0
BRDA:139,21,1,0
BRDA:156,22,0,0
BRDA:156,22,1,0
BRDA:181,23,0,0
BRDA:181,23,1,1
BRDA:204,24,0,1
BRDA:204,24,1,0
BRDA:204,25,0,1
BRDA:204,25,1,1
BRDA:215,26,0,0
BRDA:215,26,1,0
BRDA:217,27,0,0
BRDA:217,27,1,0
BRDA:232,28,0,0
BRDA:232,28,1,0
BRF:61
BRH:32
end_of_record
TN:
SF:src\services\monitoring\alertManager.ts
FN:6,(anonymous_0)
FN:10,(anonymous_1)
FN:15,(anonymous_2)
FN:24,(anonymous_3)
FN:33,(anonymous_4)
FN:42,(anonymous_5)
FN:55,(anonymous_6)
FN:64,(anonymous_7)
FN:79,(anonymous_8)
FN:93,(anonymous_9)
FN:109,(anonymous_10)
FN:123,(anonymous_11)
FN:139,(anonymous_12)
FN:158,(anonymous_13)
FN:182,(anonymous_14)
FN:183,(anonymous_15)
FN:186,(anonymous_16)
FN:196,(anonymous_17)
FN:200,(anonymous_18)
FN:201,(anonymous_19)
FN:212,(anonymous_20)
FN:214,(anonymous_21)
FN:223,(anonymous_22)
FN:224,(anonymous_23)
FN:232,(anonymous_24)
FNF:25
FNH:0
FNDA:0,(anonymous_0)
FNDA:0,(anonymous_1)
FNDA:0,(anonymous_2)
FNDA:0,(anonymous_3)
FNDA:0,(anonymous_4)
FNDA:0,(anonymous_5)
FNDA:0,(anonymous_6)
FNDA:0,(anonymous_7)
FNDA:0,(anonymous_8)
FNDA:0,(anonymous_9)
FNDA:0,(anonymous_10)
FNDA:0,(anonymous_11)
FNDA:0,(anonymous_12)
FNDA:0,(anonymous_13)
FNDA:0,(anonymous_14)
FNDA:0,(anonymous_15)
FNDA:0,(anonymous_16)
FNDA:0,(anonymous_17)
FNDA:0,(anonymous_18)
FNDA:0,(anonymous_19)
FNDA:0,(anonymous_20)
FNDA:0,(anonymous_21)
FNDA:0,(anonymous_22)
FNDA:0,(anonymous_23)
FNDA:0,(anonymous_24)
DA:3,0
DA:4,0
DA:5,0
DA:7,0
DA:11,0
DA:15,0
DA:24,0
DA:33,0
DA:43,0
DA:44,0
DA:45,0
DA:55,0
DA:65,0
DA:66,0
DA:67,0
DA:68,0
DA:69,0
DA:80,0
DA:81,0
DA:82,0
DA:83,0
DA:94,0
DA:95,0
DA:96,0
DA:97,0
DA:99,0
DA:110,0
DA:111,0
DA:112,0
DA:113,0
DA:124,0
DA:125,0
DA:126,0
DA:128,0
DA:129,0
DA:140,0
DA:141,0
DA:142,0
DA:143,0
DA:145,0
DA:146,0
DA:148,0
DA:151,0
DA:152,0
DA:153,0
DA:159,0
DA:160,0
DA:169,0
DA:171,0
DA:176,0
DA:177,0
DA:183,0
DA:187,0
DA:188,0
DA:189,0
DA:190,0
DA:191,0
DA:193,0
DA:197,0
DA:201,0
DA:202,0
DA:203,0
DA:207,0
DA:209,0
DA:214,0
DA:215,0
DA:216,0
DA:219,0
DA:224,0
DA:225,0
DA:226,0
DA:227,0
DA:229,0
DA:233,0
DA:234,0
DA:237,0
LF:76
LH:0
BRDA:43,0,0,0
BRDA:43,0,1,0
BRDA:44,1,0,0
BRDA:44,1,1,0
BRDA:45,2,0,0
BRDA:45,2,1,0
BRDA:66,3,0,0
BRDA:66,3,1,0
BRDA:81,4,0,0
BRDA:81,4,1,0
BRDA:95,5,0,0
BRDA:95,5,1,0
BRDA:111,6,0,0
BRDA:111,6,1,0
BRDA:125,7,0,0
BRDA:125,7,1,0
BRDA:129,8,0,0
BRDA:129,8,1,0
BRDA:142,9,0,0
BRDA:142,9,1,0
BRDA:146,10,0,0
BRDA:146,10,1,0
BRDA:146,11,0,0
BRDA:146,11,1,0
BRDA:151,12,0,0
BRDA:151,12,1,0
BRDA:176,13,0,0
BRDA:176,13,1,0
BRDA:188,14,0,0
BRDA:188,14,1,0
BRDA:188,15,0,0
BRDA:188,15,1,0
BRDA:202,16,0,0
BRDA:202,16,1,0
BRDA:215,17,0,0
BRDA:215,17,1,0
BRDA:225,18,0,0
BRDA:225,18,1,0
BRF:38
BRH:0
end_of_record
TN:
SF:src\services\monitoring\index.ts
FN:8,(anonymous_0)
FN:12,(anonymous_1)
FN:14,(anonymous_2)
FN:64,(anonymous_3)
FN:67,(anonymous_4)
FN:70,(anonymous_5)
FN:105,(anonymous_6)
FN:115,(anonymous_7)
FN:118,(anonymous_8)
FNF:9
FNH:0
FNDA:0,(anonymous_0)
FNDA:0,(anonymous_1)
FNDA:0,(anonymous_2)
FNDA:0,(anonymous_3)
FNDA:0,(anonymous_4)
FNDA:0,(anonymous_5)
FNDA:0,(anonymous_6)
FNDA:0,(anonymous_7)
FNDA:0,(anonymous_8)
DA:7,0
DA:9,0
DA:14,0
DA:15,0
DA:16,0
DA:17,0
DA:18,0
DA:20,0
DA:22,0
DA:23,0
DA:25,0
DA:26,0
DA:29,0
DA:32,0
DA:39,0
DA:44,0
DA:49,0
DA:56,0
DA:65,0
DA:68,0
DA:71,0
DA:74,0
DA:75,0
DA:76,0
DA:77,0
DA:78,0
DA:79,0
DA:81,0
DA:82,0
DA:83,0
DA:84,0
DA:85,0
DA:86,0
DA:87,0
DA:89,0
DA:90,0
DA:91,0
DA:92,0
DA:93,0
DA:94,0
DA:95,0
DA:96,0
DA:97,0
DA:99,0
DA:100,0
DA:101,0
DA:103,0
DA:106,0
DA:107,0
DA:108,0
DA:113,0
DA:115,0
DA:116,0
DA:118,0
DA:119,0
LF:55
LH:0
BRDA:64,0,0,0
BRDA:64,1,0,0
BRDA:67,2,0,0
BRDA:67,3,0,0
BRDA:70,4,0,0
BRDA:70,5,0,0
BRDA:106,6,0,0
BRDA:106,6,1,0
BRF:8
BRH:0
end_of_record
TN:
SF:src\services\monitoring\logger.ts
FN:5,(anonymous_0)
FN:9,(anonymous_1)
FN:10,(anonymous_2)
FN:54,(anonymous_3)
FN:72,(anonymous_4)
FN:89,(anonymous_5)
FN:93,(anonymous_6)
FNF:7
FNH:0
FNDA:0,(anonymous_0)
FNDA:0,(anonymous_1)
FNDA:0,(anonymous_2)
FNDA:0,(anonymous_3)
FNDA:0,(anonymous_4)
FNDA:0,(anonymous_5)
FNDA:0,(anonymous_6)
DA:6,0
DA:10,0
DA:11,0
DA:19,0
DA:55,0
DA:70,0
DA:73,0
DA:87,0
DA:90,0
DA:94,0
DA:97,0
LF:11
LH:0
BRDA:20,0,0,0
BRDA:20,0,1,0
BRDA:54,1,0,0
BRDA:54,2,0,0
BRDA:72,3,0,0
BRDA:72,4,0,0
BRDA:89,5,0,0
BRDA:89,6,0,0
BRF:8
BRH:0
end_of_record
TN:
SF:src\services\monitoring\metricsCollector.ts
FN:11,(anonymous_0)
FN:19,(anonymous_1)
FN:59,(anonymous_2)
FN:150,(anonymous_3)
FN:177,(anonymous_4)
FN:203,(anonymous_5)
FN:282,(anonymous_6)
FN:339,(anonymous_7)
FN:358,(anonymous_8)
FN:386,(anonymous_9)
FN:403,(anonymous_10)
FN:693,(anonymous_11)
FNF:12
FNH:0
FNDA:0,(anonymous_0)
FNDA:0,(anonymous_1)
FNDA:0,(anonymous_2)
FNDA:0,(anonymous_3)
FNDA:0,(anonymous_4)
FNDA:0,(anonymous_5)
FNDA:0,(anonymous_6)
FNDA:0,(anonymous_7)
FNDA:0,(anonymous_8)
FNDA:0,(anonymous_9)
FNDA:0,(anonymous_10)
FNDA:0,(anonymous_11)
DA:8,0
DA:12,0
DA:13,0
DA:14,0
DA:15,0
DA:17,0
DA:18,0
DA:19,0
DA:20,0
DA:21,0
DA:23,0
DA:25,0
DA:26,0
DA:27,0
DA:29,0
DA:31,0
DA:32,0
DA:33,0
DA:60,0
DA:62,0
DA:63,0
DA:65,0
DA:66,0
DA:67,0
DA:68,0
DA:70,0
DA:71,0
DA:72,0
DA:73,0
DA:74,0
DA:75,0
DA:76,0
DA:77,0
DA:86,0
DA:87,0
DA:88,0
DA:89,0
DA:90,0
DA:92,0
DA:101,0
DA:105,0
DA:118,0
DA:119,0
DA:120,0
DA:121,0
DA:122,0
DA:123,0
DA:131,0
DA:134,0
DA:148,0
DA:149,0
DA:150,0
DA:151,0
DA:152,0
DA:153,0
DA:154,0
DA:155,0
DA:166,0
DA:178,0
DA:179,0
DA:180,0
DA:182,0
DA:183,0
DA:184,0
DA:185,0
DA:186,0
DA:187,0
DA:188,0
DA:190,0
DA:191,0
DA:196,0
DA:198,0
DA:199,0
DA:203,0
DA:207,0
DA:224,0
DA:227,0
DA:229,0
DA:230,0
DA:231,0
DA:232,0
DA:235,0
DA:244,0
DA:249,0
DA:251,0
DA:252,0
DA:254,0
DA:255,0
DA:258,0
DA:260,0
DA:261,0
DA:265,0
DA:268,0
DA:271,0
DA:272,0
DA:277,0
DA:278,0
DA:283,0
DA:284,0
DA:285,0
DA:286,0
DA:287,0
DA:288,0
DA:289,0
DA:290,0
DA:291,0
DA:292,0
DA:294,0
DA:295,0
DA:303,0
DA:304,0
DA:305,0
DA:306,0
DA:307,0
DA:309,0
DA:310,0
DA:311,0
DA:312,0
DA:313,0
DA:314,0
DA:315,0
DA:317,0
DA:318,0
DA:319,0
DA:320,0
DA:321,0
DA:322,0
DA:323,0
DA:327,0
DA:328,0
DA:336,0
DA:340,0
DA:341,0
DA:342,0
DA:343,0
DA:344,0
DA:346,0
DA:355,0
DA:359,0
DA:360,0
DA:361,0
DA:362,0
DA:363,0
DA:364,0
DA:365,0
DA:366,0
DA:367,0
DA:368,0
DA:378,0
DA:382,0
DA:387,0
DA:388,0
DA:389,0
DA:390,0
DA:391,0
DA:400,0
DA:404,0
DA:405,0
DA:411,0
DA:412,0
DA:414,0
DA:415,0
DA:416,0
DA:417,0
DA:420,0
DA:425,0
DA:427,0
DA:435,0
DA:436,0
DA:437,0
DA:438,0
DA:439,0
DA:443,0
DA:449,0
DA:450,0
DA:455,0
DA:456,0
DA:459,0
DA:467,0
DA:468,0
DA:476,0
DA:477,0
DA:478,0
DA:479,0
DA:480,0
DA:484,0
DA:492,0
DA:493,0
DA:500,0
DA:501,0
DA:502,0
DA:503,0
DA:507,0
DA:514,0
DA:519,0
DA:520,0
DA:522,0
DA:523,0
DA:534,0
DA:535,0
DA:536,0
DA:537,0
DA:540,0
DA:545,0
DA:549,0
DA:554,0
DA:555,0
DA:562,0
DA:563,0
DA:564,0
DA:565,0
DA:568,0
DA:573,0
DA:576,0
DA:581,0
DA:582,0
DA:590,0
DA:591,0
DA:592,0
DA:593,0
DA:594,0
DA:598,0
DA:604,0
DA:648,0
DA:649,0
DA:652,0
DA:656,0
DA:694,0
DA:696,0
DA:702,0
DA:707,0
DA:708,0
DA:711,0
DA:712,0
DA:713,0
DA:718,0
DA:722,0
DA:724,0
DA:748,0
DA:751,0
DA:772,0
LF:241
LH:0
BRDA:63,0,0,0
BRDA:63,0,1,0
BRDA:70,1,0,0
BRDA:70,1,1,0
BRDA:72,2,0,0
BRDA:72,2,1,0
BRDA:72,3,0,0
BRDA:72,3,1,0
BRDA:74,4,0,0
BRDA:74,4,1,0
BRDA:86,5,0,0
BRDA:86,5,1,0
BRDA:105,6,0,0
BRDA:105,6,1,0
BRDA:134,7,0,0
BRDA:134,7,1,0
BRDA:180,8,0,0
BRDA:180,8,1,0
BRDA:190,9,0,0
BRDA:190,9,1,0
BRDA:199,10,0,0
BRDA:199,10,1,0
BRDA:199,11,0,0
BRDA:199,11,1,0
BRDA:199,11,2,0
BRDA:203,12,0,0
BRDA:203,12,1,0
BRDA:209,13,0,0
BRDA:209,13,1,0
BRDA:210,14,0,0
BRDA:210,14,1,0
BRDA:212,15,0,0
BRDA:212,15,1,0
BRDA:213,16,0,0
BRDA:213,16,1,0
BRDA:215,17,0,0
BRDA:215,17,1,0
BRDA:216,18,0,0
BRDA:216,18,1,0
BRDA:218,19,0,0
BRDA:218,19,1,0
BRDA:219,20,0,0
BRDA:219,20,1,0
BRDA:232,21,0,0
BRDA:232,21,1,0
BRDA:232,22,0,0
BRDA:232,22,1,0
BRDA:232,22,2,0
BRDA:268,23,0,0
BRDA:268,23,1,0
BRDA:292,24,0,0
BRDA:292,24,1,0
BRDA:294,25,0,0
BRDA:294,25,1,0
BRDA:294,26,0,0
BRDA:294,26,1,0
BRDA:309,27,0,0
BRDA:309,27,1,0
BRDA:311,28,0,0
BRDA:311,28,1,0
BRDA:314,29,0,0
BRDA:314,29,1,0
BRDA:317,30,0,0
BRDA:317,30,1,0
BRDA:319,31,0,0
BRDA:319,31,1,0
BRDA:322,32,0,0
BRDA:322,32,1,0
BRDA:327,33,0,0
BRDA:327,33,1,0
BRDA:327,34,0,0
BRDA:327,34,1,0
BRDA:344,35,0,0
BRDA:344,35,1,0
BRDA:344,36,0,0
BRDA:344,36,1,0
BRDA:344,36,2,0
BRDA:365,37,0,0
BRDA:365,37,1,0
BRDA:367,38,0,0
BRDA:367,38,1,0
BRDA:370,39,0,0
BRDA:370,39,1,0
BRDA:371,40,0,0
BRDA:371,40,1,0
BRDA:372,41,0,0
BRDA:372,41,1,0
BRDA:373,42,0,0
BRDA:373,42,1,0
BRDA:390,43,0,0
BRDA:390,43,1,0
BRDA:390,44,0,0
BRDA:390,44,1,0
BRDA:390,44,2,0
BRDA:435,45,0,0
BRDA:435,45,1,0
BRDA:437,46,0,0
BRDA:437,46,1,0
BRDA:438,47,0,0
BRDA:438,47,1,0
BRDA:439,48,0,0
BRDA:439,48,1,0
BRDA:455,49,0,0
BRDA:455,49,1,0
BRDA:476,50,0,0
BRDA:476,50,1,0
BRDA:478,51,0,0
BRDA:478,51,1,0
BRDA:479,52,0,0
BRDA:479,52,1,0
BRDA:480,53,0,0
BRDA:480,53,1,0
BRDA:500,54,0,0
BRDA:500,54,1,0
BRDA:502,55,0,0
BRDA:502,55,1,0
BRDA:503,56,0,0
BRDA:503,56,1,0
BRDA:534,57,0,0
BRDA:534,57,1,0
BRDA:546,58,0,0
BRDA:546,58,1,0
BRDA:562,59,0,0
BRDA:562,59,1,0
BRDA:564,60,0,0
BRDA:564,60,1,0
BRDA:565,61,0,0
BRDA:565,61,1,0
BRDA:573,62,0,0
BRDA:573,62,1,0
BRDA:590,63,0,0
BRDA:590,63,1,0
BRDA:593,64,0,0
BRDA:593,64,1,0
BRDA:594,65,0,0
BRDA:594,65,1,0
BRDA:607,66,0,0
BRDA:607,66,1,0
BRDA:608,67,0,0
BRDA:608,67,1,0
BRDA:609,68,0,0
BRDA:609,68,1,0
BRDA:610,69,0,0
BRDA:610,69,1,0
BRDA:614,70,0,0
BRDA:614,70,1,0
BRDA:615,71,0,0
BRDA:615,71,1,0
BRDA:622,72,0,0
BRDA:622,72,1,0
BRDA:623,73,0,0
BRDA:623,73,1,0
BRDA:624,74,0,0
BRDA:624,74,1,0
BRDA:634,75,0,0
BRDA:634,75,1,0
BRDA:637,76,0,0
BRDA:637,76,1,0
BRDA:707,77,0,0
BRDA:707,77,1,0
BRDA:708,78,0,0
BRDA:708,78,1,0
BRDA:718,79,0,0
BRDA:718,79,1,0
BRF:164
BRH:0
end_of_record
TN:
SF:src\services\monitoring\performanceMonitor.ts
FN:7,(anonymous_0)
FN:28,(anonymous_1)
FN:45,(anonymous_2)
FN:46,(anonymous_3)
FN:54,(anonymous_4)
FN:88,(anonymous_5)
FN:125,(anonymous_6)
FN:149,(anonymous_7)
FN:161,(anonymous_8)
FN:168,(anonymous_9)
FNF:10
FNH:0
FNDA:0,(anonymous_0)
FNDA:0,(anonymous_1)
FNDA:0,(anonymous_2)
FNDA:0,(anonymous_3)
FNDA:0,(anonymous_4)
FNDA:0,(anonymous_5)
FNDA:0,(anonymous_6)
FNDA:0,(anonymous_7)
FNDA:0,(anonymous_8)
FNDA:0,(anonymous_9)
DA:3,0
DA:4,0
DA:5,0
DA:8,0
DA:11,0
DA:25,0
DA:26,0
DA:29,0
DA:30,0
DA:31,0
DA:32,0
DA:33,0
DA:35,0
DA:37,0
DA:42,0
DA:46,0
DA:47,0
DA:48,0
DA:53,0
DA:54,0
DA:55,0
DA:57,0
DA:58,0
DA:59,0
DA:60,0
DA:61,0
DA:64,0
DA:68,0
DA:79,0
DA:82,0
DA:84,0
DA:89,0
DA:90,0
DA:92,0
DA:93,0
DA:94,0
DA:96,0
DA:98,0
DA:100,0
DA:103,0
DA:126,0
DA:127,0
DA:128,0
DA:129,0
DA:130,0
DA:131,0
DA:133,0
DA:134,0
DA:135,0
DA:136,0
DA:138,0
DA:140,0
DA:141,0
DA:142,0
DA:143,0
DA:144,0
DA:145,0
DA:146,0
DA:150,0
DA:151,0
DA:153,0
DA:154,0
DA:156,0
DA:157,0
DA:162,0
DA:169,0
DA:170,0
DA:171,0
DA:180,0
LF:69
LH:0
BRDA:7,0,0,0
BRDA:28,1,0,0
BRDA:28,2,0,0
BRDA:30,3,0,0
BRDA:30,3,1,0
BRDA:58,4,0,0
BRDA:58,4,1,0
BRDA:60,5,0,0
BRDA:60,5,1,0
BRDA:60,6,0,0
BRDA:60,6,1,0
BRDA:79,7,0,0
BRDA:79,7,1,0
BRDA:93,8,0,0
BRDA:93,8,1,0
BRDA:94,9,0,0
BRDA:94,9,1,0
BRDA:94,10,0,0
BRDA:94,10,1,0
BRDA:98,11,0,0
BRDA:98,11,1,0
BRDA:98,12,0,0
BRDA:98,12,1,0
BRDA:106,13,0,0
BRDA:106,13,1,0
BRDA:114,14,0,0
BRDA:114,14,1,0
BRDA:130,15,0,0
BRDA:130,15,1,0
BRDA:135,16,0,0
BRDA:135,16,1,0
BRDA:141,17,0,0
BRDA:141,17,1,0
BRDA:141,18,0,0
BRDA:141,18,1,0
BRDA:153,19,0,0
BRDA:153,19,1,0
BRDA:156,20,0,0
BRDA:156,20,1,0
BRF:39
BRH:0
end_of_record
TN:
SF:src\services\monitoring\profilingService.ts
FN:7,(anonymous_0)
FN:31,(anonymous_1)
FN:49,(anonymous_2)
FN:64,(anonymous_3)
FN:68,(anonymous_4)
FN:72,(anonymous_5)
FN:98,(anonymous_6)
FN:107,(anonymous_7)
FN:114,(anonymous_8)
FN:149,(anonymous_9)
FN:160,(anonymous_10)
FNF:11
FNH:0
FNDA:0,(anonymous_0)
FNDA:0,(anonymous_1)
FNDA:0,(anonymous_2)
FNDA:0,(anonymous_3)
FNDA:0,(anonymous_4)
FNDA:0,(anonymous_5)
FNDA:0,(anonymous_6)
FNDA:0,(anonymous_7)
FNDA:0,(anonymous_8)
FNDA:0,(anonymous_9)
FNDA:0,(anonymous_10)
DA:8,0
DA:9,0
DA:11,0
DA:12,0
DA:15,0
DA:16,0
DA:21,0
DA:24,0
DA:27,0
DA:32,0
DA:33,0
DA:36,0
DA:40,0
DA:43,0
DA:46,0
DA:50,0
DA:51,0
DA:57,0
DA:60,0
DA:65,0
DA:69,0
DA:73,0
DA:74,0
DA:75,0
DA:76,0
DA:79,0
DA:82,0
DA:86,0
DA:90,0
DA:94,0
DA:99,0
DA:108,0
DA:109,0
DA:110,0
DA:111,0
DA:113,0
DA:114,0
DA:117,0
DA:118,0
DA:119,0
DA:120,0
DA:121,0
DA:122,0
DA:123,0
DA:124,0
DA:125,0
DA:126,0
DA:127,0
DA:128,0
DA:131,0
DA:132,0
DA:138,0
DA:141,0
DA:145,0
DA:150,0
DA:151,0
DA:152,0
DA:153,0
DA:159,0
DA:160,0
DA:163,0
DA:164,0
DA:165,0
DA:168,0
DA:169,0
DA:170,0
DA:171,0
DA:172,0
DA:173,0
DA:175,0
DA:176,0
DA:178,0
DA:179,0
DA:181,0
DA:182,0
DA:185,0
DA:194,0
DA:198,0
DA:206,0
LF:79
LH:0
BRDA:11,0,0,0
BRDA:11,0,1,0
BRDA:74,1,0,0
BRDA:74,1,1,0
BRDA:107,2,0,0
BRDA:110,3,0,0
BRDA:110,3,1,0
BRDA:114,4,0,0
BRDA:114,4,1,0
BRDA:114,4,2,0
BRDA:125,5,0,0
BRDA:125,5,1,0
BRDA:131,6,0,0
BRDA:131,6,1,0
BRDA:152,7,0,0
BRDA:152,7,1,0
BRDA:160,8,0,0
BRDA:160,8,1,0
BRDA:160,8,2,0
BRDA:172,9,0,0
BRDA:172,9,1,0
BRDA:172,10,0,0
BRDA:172,10,1,0
BRDA:175,11,0,0
BRDA:175,11,1,0
BRDA:178,12,0,0
BRDA:178,12,1,0
BRDA:178,13,0,0
BRDA:178,13,1,0
BRDA:181,14,0,0
BRDA:181,14,1,0
BRDA:181,15,0,0
BRDA:181,15,1,0
BRF:33
BRH:0
end_of_record
